<eu.antonkrug.DBInputOutput>
  <genres>
    <eu.antonkrug.MovieGenre>
      <name>Action</name>
      <timesUsed>19</timesUsed>
    </eu.antonkrug.MovieGenre>
    <eu.antonkrug.MovieGenre>
      <name>Adventure</name>
      <timesUsed>1</timesUsed>
    </eu.antonkrug.MovieGenre>
    <eu.antonkrug.MovieGenre>
      <name>Biography</name>
      <timesUsed>2</timesUsed>
    </eu.antonkrug.MovieGenre>
    <eu.antonkrug.MovieGenre>
      <name>Comedy</name>
      <timesUsed>10</timesUsed>
    </eu.antonkrug.MovieGenre>
    <eu.antonkrug.MovieGenre>
      <name>Crime</name>
      <timesUsed>12</timesUsed>
    </eu.antonkrug.MovieGenre>
    <eu.antonkrug.MovieGenre>
      <name>Drama</name>
      <timesUsed>8</timesUsed>
    </eu.antonkrug.MovieGenre>
    <eu.antonkrug.MovieGenre>
      <name>Not categorized</name>
      <timesUsed>3</timesUsed>
    </eu.antonkrug.MovieGenre>
  </genres>
  <genresDirty>false</genresDirty>
  <movies>
    <entry>
      <int>1</int>
      <eu.antonkrug.Movie>
        <category reference="../../../../genres/eu.antonkrug.MovieGenre[4]"/>
        <name>Stick It</name>
        <ratingCount>36</ratingCount>
        <ratingSum>138</ratingSum>
        <year>2006</year>
      </eu.antonkrug.Movie>
    </entry>
    <entry>
      <int>2</int>
      <eu.antonkrug.Movie>
        <category reference="../../../../genres/eu.antonkrug.MovieGenre"/>
        <name>Batman</name>
        <ratingCount>20</ratingCount>
        <ratingSum>34</ratingSum>
        <year>1993</year>
      </eu.antonkrug.Movie>
    </entry>
    <entry>
      <int>3</int>
      <eu.antonkrug.Movie>
        <category reference="../../../../genres/eu.antonkrug.MovieGenre"/>
        <name>Virtuosity</name>
        <ratingCount>12</ratingCount>
        <ratingSum>22</ratingSum>
        <year>1995</year>
      </eu.antonkrug.Movie>
    </entry>
    <entry>
      <int>4</int>
      <eu.antonkrug.Movie>
        <category reference="../../../../genres/eu.antonkrug.MovieGenre"/>
        <name>Alias</name>
        <ratingCount>6</ratingCount>
        <ratingSum>6</ratingSum>
        <year>2001</year>
      </eu.antonkrug.Movie>
    </entry>
    <entry>
      <int>5</int>
      <eu.antonkrug.Movie>
        <category reference="../../../../genres/eu.antonkrug.MovieGenre[4]"/>
        <name>Anything Else</name>
        <ratingCount>6</ratingCount>
        <ratingSum>-2</ratingSum>
        <year>2003</year>
      </eu.antonkrug.Movie>
    </entry>
    <entry>
      <int>6</int>
      <eu.antonkrug.Movie>
        <category reference="../../../../genres/eu.antonkrug.MovieGenre[5]"/>
        <name>Tsotsi</name>
        <ratingCount>3</ratingCount>
        <ratingSum>-1</ratingSum>
        <year>2005</year>
      </eu.antonkrug.Movie>
    </entry>
    <entry>
      <int>7</int>
      <eu.antonkrug.Movie>
        <category reference="../../../../genres/eu.antonkrug.MovieGenre[7]"/>
        <name>Black Sheep</name>
        <ratingCount>14</ratingCount>
        <ratingSum>36</ratingSum>
        <year>2006</year>
      </eu.antonkrug.Movie>
    </entry>
    <entry>
      <int>8</int>
      <eu.antonkrug.Movie>
        <category reference="../../../../genres/eu.antonkrug.MovieGenre[3]"/>
        <name>Chaplin</name>
        <ratingCount>21</ratingCount>
        <ratingSum>9</ratingSum>
        <year>1992</year>
      </eu.antonkrug.Movie>
    </entry>
    <entry>
      <int>9</int>
      <eu.antonkrug.Movie>
        <category reference="../../../../genres/eu.antonkrug.MovieGenre"/>
        <name>The Rocketeer</name>
        <ratingCount>4</ratingCount>
        <ratingSum>10</ratingSum>
        <year>1991</year>
      </eu.antonkrug.Movie>
    </entry>
    <entry>
      <int>10</int>
      <eu.antonkrug.Movie>
        <category reference="../../../../genres/eu.antonkrug.MovieGenre[5]"/>
        <name>The Limey</name>
        <ratingCount>40</ratingCount>
        <ratingSum>90</ratingSum>
        <year>1999</year>
      </eu.antonkrug.Movie>
    </entry>
    <entry>
      <int>11</int>
      <eu.antonkrug.Movie>
        <category reference="../../../../genres/eu.antonkrug.MovieGenre[4]"/>
        <name>So I Married an Axe Murderer</name>
        <ratingCount>21</ratingCount>
        <ratingSum>19</ratingSum>
        <year>1993</year>
      </eu.antonkrug.Movie>
    </entry>
    <entry>
      <int>12</int>
      <eu.antonkrug.Movie>
        <category reference="../../../../genres/eu.antonkrug.MovieGenre[2]"/>
        <name>Cannibal Holocaust</name>
        <ratingCount>27</ratingCount>
        <ratingSum>103</ratingSum>
        <year>1980</year>
      </eu.antonkrug.Movie>
    </entry>
    <entry>
      <int>13</int>
      <eu.antonkrug.Movie>
        <category reference="../../../../genres/eu.antonkrug.MovieGenre[5]"/>
        <name>Gomorra</name>
        <ratingCount>9</ratingCount>
        <ratingSum>27</ratingSum>
        <year>2008</year>
      </eu.antonkrug.Movie>
    </entry>
    <entry>
      <int>14</int>
      <eu.antonkrug.Movie>
        <category reference="../../../../genres/eu.antonkrug.MovieGenre[5]"/>
        <name>Femme Fatale</name>
        <ratingCount>4</ratingCount>
        <ratingSum>10</ratingSum>
        <year>2002</year>
      </eu.antonkrug.Movie>
    </entry>
    <entry>
      <int>15</int>
      <eu.antonkrug.Movie>
        <category reference="../../../../genres/eu.antonkrug.MovieGenre[4]"/>
        <name>Fever Pitch</name>
        <ratingCount>24</ratingCount>
        <ratingSum>38</ratingSum>
        <year>2005</year>
      </eu.antonkrug.Movie>
    </entry>
    <entry>
      <int>17</int>
      <eu.antonkrug.Movie>
        <category reference="../../../../genres/eu.antonkrug.MovieGenre"/>
        <name>Pathfinder</name>
        <ratingCount>26</ratingCount>
        <ratingSum>72</ratingSum>
        <year>2007</year>
      </eu.antonkrug.Movie>
    </entry>
    <entry>
      <int>16</int>
      <eu.antonkrug.Movie>
        <category reference="../../../../genres/eu.antonkrug.MovieGenre[5]"/>
        <name>Following</name>
        <ratingCount>5</ratingCount>
        <ratingSum>7</ratingSum>
        <year>1998</year>
      </eu.antonkrug.Movie>
    </entry>
    <entry>
      <int>19</int>
      <eu.antonkrug.Movie>
        <category reference="../../../../genres/eu.antonkrug.MovieGenre[5]"/>
        <name>Summer of Sam</name>
        <ratingCount>39</ratingCount>
        <ratingSum>53</ratingSum>
        <year>1999</year>
      </eu.antonkrug.Movie>
    </entry>
    <entry>
      <int>18</int>
      <eu.antonkrug.Movie>
        <category reference="../../../../genres/eu.antonkrug.MovieGenre"/>
        <name>The Covenant</name>
        <ratingCount>13</ratingCount>
        <ratingSum>31</ratingSum>
        <year>2006</year>
      </eu.antonkrug.Movie>
    </entry>
    <entry>
      <int>21</int>
      <eu.antonkrug.Movie>
        <category reference="../../../../genres/eu.antonkrug.MovieGenre[4]"/>
        <name>The Producers</name>
        <ratingCount>4</ratingCount>
        <ratingSum>2</ratingSum>
        <year>1968</year>
      </eu.antonkrug.Movie>
    </entry>
    <entry>
      <int>20</int>
      <eu.antonkrug.Movie>
        <category reference="../../../../genres/eu.antonkrug.MovieGenre[6]"/>
        <name>Two for the Money</name>
        <ratingCount>16</ratingCount>
        <ratingSum>56</ratingSum>
        <year>2005</year>
      </eu.antonkrug.Movie>
    </entry>
    <entry>
      <int>23</int>
      <eu.antonkrug.Movie>
        <category reference="../../../../genres/eu.antonkrug.MovieGenre"/>
        <name>Outlander</name>
        <ratingCount>3</ratingCount>
        <ratingSum>1</ratingSum>
        <year>2008</year>
      </eu.antonkrug.Movie>
    </entry>
    <entry>
      <int>22</int>
      <eu.antonkrug.Movie>
        <category reference="../../../../genres/eu.antonkrug.MovieGenre[5]"/>
        <name>Witness for the Prosecution</name>
        <ratingCount>3</ratingCount>
        <ratingSum>3</ratingSum>
        <year>1957</year>
      </eu.antonkrug.Movie>
    </entry>
    <entry>
      <int>25</int>
      <eu.antonkrug.Movie>
        <category reference="../../../../genres/eu.antonkrug.MovieGenre"/>
        <name>BloodRayne</name>
        <ratingCount>5</ratingCount>
        <ratingSum>15</ratingSum>
        <year>2005</year>
      </eu.antonkrug.Movie>
    </entry>
    <entry>
      <int>24</int>
      <eu.antonkrug.Movie>
        <category reference="../../../../genres/eu.antonkrug.MovieGenre[4]"/>
        <name>Empire Records</name>
        <ratingCount>25</ratingCount>
        <ratingSum>47</ratingSum>
        <year>1995</year>
      </eu.antonkrug.Movie>
    </entry>
    <entry>
      <int>27</int>
      <eu.antonkrug.Movie>
        <category reference="../../../../genres/eu.antonkrug.MovieGenre[7]"/>
        <name>White Noise</name>
        <ratingCount>2</ratingCount>
        <ratingSum>2</ratingSum>
        <year>2005</year>
      </eu.antonkrug.Movie>
    </entry>
    <entry>
      <int>26</int>
      <eu.antonkrug.Movie>
        <category reference="../../../../genres/eu.antonkrug.MovieGenre"/>
        <name>Rome</name>
        <ratingCount>16</ratingCount>
        <ratingSum>42</ratingSum>
        <year>2005</year>
      </eu.antonkrug.Movie>
    </entry>
    <entry>
      <int>29</int>
      <eu.antonkrug.Movie>
        <category reference="../../../../genres/eu.antonkrug.MovieGenre"/>
        <name>Mercury Rising</name>
        <ratingCount>15</ratingCount>
        <ratingSum>35</ratingSum>
        <year>1998</year>
      </eu.antonkrug.Movie>
    </entry>
    <entry>
      <int>28</int>
      <eu.antonkrug.Movie>
        <category reference="../../../../genres/eu.antonkrug.MovieGenre"/>
        <name>Universal Soldier</name>
        <ratingCount>23</ratingCount>
        <ratingSum>35</ratingSum>
        <year>1992</year>
      </eu.antonkrug.Movie>
    </entry>
    <entry>
      <int>31</int>
      <eu.antonkrug.Movie>
        <category reference="../../../../genres/eu.antonkrug.MovieGenre[6]"/>
        <name>Breaking the Waves</name>
        <ratingCount>53</ratingCount>
        <ratingSum>93</ratingSum>
        <year>1996</year>
      </eu.antonkrug.Movie>
    </entry>
    <entry>
      <int>30</int>
      <eu.antonkrug.Movie>
        <category reference="../../../../genres/eu.antonkrug.MovieGenre"/>
        <name>The Legend of Zorro</name>
        <ratingCount>1</ratingCount>
        <ratingSum>1</ratingSum>
        <year>2005</year>
      </eu.antonkrug.Movie>
    </entry>
    <entry>
      <int>34</int>
      <eu.antonkrug.Movie>
        <category reference="../../../../genres/eu.antonkrug.MovieGenre"/>
        <name>Ong-bak</name>
        <ratingCount>50</ratingCount>
        <ratingSum>12</ratingSum>
        <year>2003</year>
      </eu.antonkrug.Movie>
    </entry>
    <entry>
      <int>35</int>
      <eu.antonkrug.Movie>
        <category reference="../../../../genres/eu.antonkrug.MovieGenre[5]"/>
        <name>The Lookout</name>
        <ratingCount>0</ratingCount>
        <ratingSum>0</ratingSum>
        <year>2007</year>
      </eu.antonkrug.Movie>
    </entry>
    <entry>
      <int>32</int>
      <eu.antonkrug.Movie>
        <category reference="../../../../genres/eu.antonkrug.MovieGenre[6]"/>
        <name>The Grapes of Wrath</name>
        <ratingCount>50</ratingCount>
        <ratingSum>162</ratingSum>
        <year>1940</year>
      </eu.antonkrug.Movie>
    </entry>
    <entry>
      <int>33</int>
      <eu.antonkrug.Movie>
        <category reference="../../../../genres/eu.antonkrug.MovieGenre[6]"/>
        <name>Unfaithful</name>
        <ratingCount>14</ratingCount>
        <ratingSum>54</ratingSum>
        <year>2002</year>
      </eu.antonkrug.Movie>
    </entry>
    <entry>
      <int>38</int>
      <eu.antonkrug.Movie>
        <category reference="../../../../genres/eu.antonkrug.MovieGenre[5]"/>
        <name>Touch of Evil</name>
        <ratingCount>24</ratingCount>
        <ratingSum>68</ratingSum>
        <year>1958</year>
      </eu.antonkrug.Movie>
    </entry>
    <entry>
      <int>39</int>
      <eu.antonkrug.Movie>
        <category reference="../../../../genres/eu.antonkrug.MovieGenre[5]"/>
        <name>Before the Devil Knows You&apos;re Dead</name>
        <ratingCount>44</ratingCount>
        <ratingSum>120</ratingSum>
        <year>2007</year>
      </eu.antonkrug.Movie>
    </entry>
    <entry>
      <int>36</int>
      <eu.antonkrug.Movie>
        <category reference="../../../../genres/eu.antonkrug.MovieGenre"/>
        <name>War</name>
        <ratingCount>34</ratingCount>
        <ratingSum>16</ratingSum>
        <year>2007</year>
      </eu.antonkrug.Movie>
    </entry>
    <entry>
      <int>37</int>
      <eu.antonkrug.Movie>
        <category reference="../../../../genres/eu.antonkrug.MovieGenre[4]"/>
        <name>Just Like Heaven</name>
        <ratingCount>4</ratingCount>
        <ratingSum>16</ratingSum>
        <year>2005</year>
      </eu.antonkrug.Movie>
    </entry>
    <entry>
      <int>42</int>
      <eu.antonkrug.Movie>
        <category reference="../../../../genres/eu.antonkrug.MovieGenre[3]"/>
        <name>Girl Interrupted</name>
        <ratingCount>34</ratingCount>
        <ratingSum>94</ratingSum>
        <year>1999</year>
      </eu.antonkrug.Movie>
    </entry>
    <entry>
      <int>43</int>
      <eu.antonkrug.Movie>
        <category reference="../../../../genres/eu.antonkrug.MovieGenre[7]"/>
        <name>Brüno</name>
        <ratingCount>63</ratingCount>
        <ratingSum>227</ratingSum>
        <year>2009</year>
      </eu.antonkrug.Movie>
    </entry>
    <entry>
      <int>40</int>
      <eu.antonkrug.Movie>
        <category reference="../../../../genres/eu.antonkrug.MovieGenre[4]"/>
        <name>Hairspray</name>
        <ratingCount>24</ratingCount>
        <ratingSum>86</ratingSum>
        <year>2007</year>
      </eu.antonkrug.Movie>
    </entry>
    <entry>
      <int>41</int>
      <eu.antonkrug.Movie>
        <category reference="../../../../genres/eu.antonkrug.MovieGenre[5]"/>
        <name>Rounders</name>
        <ratingCount>10</ratingCount>
        <ratingSum>38</ratingSum>
        <year>1998</year>
      </eu.antonkrug.Movie>
    </entry>
    <entry>
      <int>46</int>
      <eu.antonkrug.Movie>
        <category reference="../../../../genres/eu.antonkrug.MovieGenre"/>
        <name>AVP: Alien vs. Predator</name>
        <ratingCount>4</ratingCount>
        <ratingSum>0</ratingSum>
        <year>2004</year>
      </eu.antonkrug.Movie>
    </entry>
    <entry>
      <int>47</int>
      <eu.antonkrug.Movie>
        <category reference="../../../../genres/eu.antonkrug.MovieGenre[5]"/>
        <name>A Few Good Men</name>
        <ratingCount>17</ratingCount>
        <ratingSum>35</ratingSum>
        <year>1992</year>
      </eu.antonkrug.Movie>
    </entry>
    <entry>
      <int>44</int>
      <eu.antonkrug.Movie>
        <category reference="../../../../genres/eu.antonkrug.MovieGenre"/>
        <name>Once Upon a Time in Mexico</name>
        <ratingCount>43</ratingCount>
        <ratingSum>153</ratingSum>
        <year>2003</year>
      </eu.antonkrug.Movie>
    </entry>
    <entry>
      <int>45</int>
      <eu.antonkrug.Movie>
        <category reference="../../../../genres/eu.antonkrug.MovieGenre"/>
        <name>Jurassic Park III</name>
        <ratingCount>9</ratingCount>
        <ratingSum>27</ratingSum>
        <year>2001</year>
      </eu.antonkrug.Movie>
    </entry>
    <entry>
      <int>51</int>
      <eu.antonkrug.Movie>
        <category reference="../../../../genres/eu.antonkrug.MovieGenre[6]"/>
        <name>The Hurt Locker</name>
        <ratingCount>56</ratingCount>
        <ratingSum>160</ratingSum>
        <year>2008</year>
      </eu.antonkrug.Movie>
    </entry>
    <entry>
      <int>50</int>
      <eu.antonkrug.Movie>
        <category reference="../../../../genres/eu.antonkrug.MovieGenre[4]"/>
        <name>The Graduate</name>
        <ratingCount>46</ratingCount>
        <ratingSum>140</ratingSum>
        <year>1967</year>
      </eu.antonkrug.Movie>
    </entry>
    <entry>
      <int>49</int>
      <eu.antonkrug.Movie>
        <category reference="../../../../genres/eu.antonkrug.MovieGenre[6]"/>
        <name>Contact</name>
        <ratingCount>9</ratingCount>
        <ratingSum>23</ratingSum>
        <year>1997</year>
      </eu.antonkrug.Movie>
    </entry>
    <entry>
      <int>48</int>
      <eu.antonkrug.Movie>
        <category reference="../../../../genres/eu.antonkrug.MovieGenre[4]"/>
        <name>Scary Movie</name>
        <ratingCount>6</ratingCount>
        <ratingSum>18</ratingSum>
        <year>2000</year>
      </eu.antonkrug.Movie>
    </entry>
    <entry>
      <int>55</int>
      <eu.antonkrug.Movie>
        <category reference="../../../../genres/eu.antonkrug.MovieGenre"/>
        <name>Star Trek</name>
        <ratingCount>25</ratingCount>
        <ratingSum>39</ratingSum>
        <year>2009</year>
      </eu.antonkrug.Movie>
    </entry>
    <entry>
      <int>54</int>
      <eu.antonkrug.Movie>
        <category reference="../../../../genres/eu.antonkrug.MovieGenre"/>
        <name>Pirates of the Caribbean: At World&apos;s End</name>
        <ratingCount>5</ratingCount>
        <ratingSum>13</ratingSum>
        <year>2007</year>
      </eu.antonkrug.Movie>
    </entry>
    <entry>
      <int>53</int>
      <eu.antonkrug.Movie>
        <category reference="../../../../genres/eu.antonkrug.MovieGenre[6]"/>
        <name>Sweeney Todd: The Demon Barber of Fleet Street</name>
        <ratingCount>23</ratingCount>
        <ratingSum>65</ratingSum>
        <year>2007</year>
      </eu.antonkrug.Movie>
    </entry>
    <entry>
      <int>52</int>
      <eu.antonkrug.Movie>
        <category reference="../../../../genres/eu.antonkrug.MovieGenre[6]"/>
        <name>Oldeuboi</name>
        <ratingCount>6</ratingCount>
        <ratingSum>14</ratingSum>
        <year>2003</year>
      </eu.antonkrug.Movie>
    </entry>
  </movies>
  <users>
    <eu.antonkrug.User>
      <firstName>Ben</firstName>
      <lastName>Stiller</lastName>
      <password>12dea96fec20593566ab75692c9949596833adc9</password>
      <ratingDirty>24</ratingDirty>
      <loggedIn>false</loggedIn>
      <ratingMovie>
        <size>24</size>
        <elements>
          <int>1</int>
          <int>8</int>
          <int>10</int>
          <int>11</int>
          <int>12</int>
          <int>16</int>
          <int>17</int>
          <int>22</int>
          <int>31</int>
          <int>32</int>
          <int>34</int>
          <int>36</int>
          <int>39</int>
          <int>40</int>
          <int>42</int>
          <int>43</int>
          <int>44</int>
          <int>46</int>
          <int>47</int>
          <int>51</int>
          <int>52</int>
          <int>53</int>
          <int>54</int>
          <int>55</int>
          <int>0</int>
        </elements>
      </ratingMovie>
      <ratingRating>
        <size>24</size>
        <elements>BQEB/QUFBQUBAwH7BQUFBQUFBQUFBQX7AA==</elements>
      </ratingRating>
      <userName>user</userName>
    </eu.antonkrug.User>
    <eu.antonkrug.User>
      <firstName>John</firstName>
      <lastName>Moose</lastName>
      <password>e1133f80de46c65d4660d627d1ce4b467d03c488</password>
      <ratingDirty>19</ratingDirty>
      <loggedIn>false</loggedIn>
      <ratingMovie>
        <size>19</size>
        <elements>
          <int>1</int>
          <int>2</int>
          <int>7</int>
          <int>10</int>
          <int>12</int>
          <int>13</int>
          <int>15</int>
          <int>17</int>
          <int>18</int>
          <int>19</int>
          <int>25</int>
          <int>31</int>
          <int>32</int>
          <int>38</int>
          <int>39</int>
          <int>43</int>
          <int>50</int>
          <int>51</int>
          <int>53</int>
          <int>0</int>
          <int>0</int>
          <int>0</int>
          <int>0</int>
          <int>0</int>
          <int>0</int>
        </elements>
      </ratingMovie>
      <ratingRating>
        <size>19</size>
        <elements>BQUDAQUDBQMDBQUDBQX9BQUFAwAAAAAAAA==</elements>
      </ratingRating>
      <userName>Moose</userName>
    </eu.antonkrug.User>
    <eu.antonkrug.User>
      <firstName>Reuven</firstName>
      <lastName>Power</lastName>
      <password>f783db92ff9143ed5c695ae4631106b0685bcd48</password>
      <ratingDirty>29</ratingDirty>
      <loggedIn>false</loggedIn>
      <ratingMovie>
        <size>29</size>
        <elements>
          <int>1</int>
          <int>2</int>
          <int>7</int>
          <int>8</int>
          <int>10</int>
          <int>11</int>
          <int>12</int>
          <int>14</int>
          <int>16</int>
          <int>17</int>
          <int>18</int>
          <int>19</int>
          <int>26</int>
          <int>31</int>
          <int>32</int>
          <int>34</int>
          <int>36</int>
          <int>38</int>
          <int>39</int>
          <int>40</int>
          <int>42</int>
          <int>43</int>
          <int>44</int>
          <int>50</int>
          <int>51</int>
          <int>52</int>
          <int>53</int>
          <int>54</int>
          <int>55</int>
          <int>0</int>
          <int>0</int>
          <int>0</int>
          <int>0</int>
          <int>0</int>
          <int>0</int>
          <int>0</int>
          <int>0</int>
          <int>0</int>
        </elements>
      </ratingMovie>
      <ratingRating>
        <size>29</size>
        <elements>Bfv9+wH7BQEB/QH7A/sBAfsD/QMBBQEBAwEFAQMAAAAAAAAAAAA=</elements>
      </ratingRating>
      <userName>Reuven</userName>
    </eu.antonkrug.User>
    <eu.antonkrug.User>
      <firstName>Mick</firstName>
      <lastName>Thorhill</lastName>
      <password>21298df8a3277357ee55b01df9530b535cf08ec1</password>
      <ratingDirty>20</ratingDirty>
      <loggedIn>false</loggedIn>
      <ratingMovie>
        <size>20</size>
        <elements>
          <int>1</int>
          <int>2</int>
          <int>3</int>
          <int>7</int>
          <int>10</int>
          <int>12</int>
          <int>18</int>
          <int>20</int>
          <int>24</int>
          <int>25</int>
          <int>26</int>
          <int>32</int>
          <int>34</int>
          <int>38</int>
          <int>39</int>
          <int>42</int>
          <int>43</int>
          <int>47</int>
          <int>50</int>
          <int>51</int>
          <int>0</int>
          <int>0</int>
          <int>0</int>
          <int>0</int>
          <int>0</int>
        </elements>
      </ratingMovie>
      <ratingRating>
        <size>20</size>
        <elements>AwMFAwMDAwUBAwEDAwEDAwMFAwEAAAAAAA==</elements>
      </ratingRating>
      <userName>Cust1</userName>
    </eu.antonkrug.User>
    <eu.antonkrug.User>
      <firstName>John</firstName>
      <lastName>Palmer</lastName>
      <password>5baa61e4c9b93f3f0682250b6cf8331b7ee68fd8</password>
      <ratingDirty>12</ratingDirty>
      <loggedIn>false</loggedIn>
      <ratingMovie>
        <size>12</size>
        <elements>
          <int>1</int>
          <int>19</int>
          <int>32</int>
          <int>38</int>
          <int>39</int>
          <int>43</int>
          <int>47</int>
          <int>49</int>
          <int>50</int>
          <int>51</int>
          <int>53</int>
          <int>55</int>
          <int>0</int>
          <int>0</int>
          <int>0</int>
          <int>0</int>
        </elements>
      </ratingMovie>
      <ratingRating>
        <size>12</size>
        <elements>AwEFAwEDAwMDBQMDAAAAAA==</elements>
      </ratingRating>
      <userName>Cust2</userName>
    </eu.antonkrug.User>
    <eu.antonkrug.User>
      <firstName>Frank</firstName>
      <lastName>Power</lastName>
      <password>a94a8fe5ccb19ba61c4c0873d391e987982fbbd3</password>
      <ratingDirty>20</ratingDirty>
      <loggedIn>false</loggedIn>
      <ratingMovie>
        <size>20</size>
        <elements>
          <int>1</int>
          <int>2</int>
          <int>3</int>
          <int>7</int>
          <int>10</int>
          <int>12</int>
          <int>18</int>
          <int>20</int>
          <int>24</int>
          <int>25</int>
          <int>26</int>
          <int>32</int>
          <int>34</int>
          <int>38</int>
          <int>39</int>
          <int>42</int>
          <int>43</int>
          <int>47</int>
          <int>50</int>
          <int>51</int>
          <int>0</int>
          <int>0</int>
          <int>0</int>
          <int>0</int>
          <int>0</int>
        </elements>
      </ratingMovie>
      <ratingRating>
        <size>20</size>
        <elements>AwMFAwMDAwUBAwEDAwEDAwMFAwEAAAAAAA==</elements>
      </ratingRating>
      <userName>Francois</userName>
    </eu.antonkrug.User>
    <eu.antonkrug.User>
      <firstName>Jim</firstName>
      <lastName>Power</lastName>
      <password>9d4e1e23bd5b727046a9e3b4b7db57bd8d6ee684</password>
      <ratingDirty>11</ratingDirty>
      <loggedIn>false</loggedIn>
      <ratingMovie>
        <size>11</size>
        <elements>
          <int>1</int>
          <int>2</int>
          <int>7</int>
          <int>15</int>
          <int>24</int>
          <int>26</int>
          <int>32</int>
          <int>34</int>
          <int>49</int>
          <int>50</int>
          <int>51</int>
          <int>0</int>
          <int>0</int>
          <int>0</int>
          <int>0</int>
          <int>0</int>
        </elements>
      </ratingMovie>
      <ratingRating>
        <size>11</size>
        <elements>BQMDAQMDBQUDAwMAAAAAAA==</elements>
      </ratingRating>
      <userName>Jim</userName>
    </eu.antonkrug.User>
    <eu.antonkrug.User>
      <firstName>Irene</firstName>
      <lastName>Baker</lastName>
      <password>aaf4c61ddcc5e8a2dabede0f3b482cd9aea9434d</password>
      <ratingDirty>12</ratingDirty>
      <loggedIn>false</loggedIn>
      <ratingMovie>
        <size>12</size>
        <elements>
          <int>17</int>
          <int>28</int>
          <int>32</int>
          <int>36</int>
          <int>39</int>
          <int>43</int>
          <int>44</int>
          <int>45</int>
          <int>50</int>
          <int>51</int>
          <int>53</int>
          <int>55</int>
          <int>0</int>
          <int>0</int>
          <int>0</int>
          <int>0</int>
        </elements>
      </ratingMovie>
      <ratingRating>
        <size>12</size>
        <elements>AQUBAQUFAwUFAwP7AAAAAA==</elements>
      </ratingRating>
      <userName>Iren</userName>
    </eu.antonkrug.User>
    <eu.antonkrug.User>
      <firstName>Abdul</firstName>
      <lastName>OConnor</lastName>
      <password>40bd001563085fc35165329ea1ff5c5ecbdbbeef</password>
      <ratingDirty>11</ratingDirty>
      <loggedIn>false</loggedIn>
      <ratingMovie>
        <size>11</size>
        <elements>
          <int>4</int>
          <int>17</int>
          <int>28</int>
          <int>29</int>
          <int>39</int>
          <int>40</int>
          <int>42</int>
          <int>43</int>
          <int>44</int>
          <int>47</int>
          <int>51</int>
          <int>0</int>
          <int>0</int>
          <int>0</int>
          <int>0</int>
          <int>0</int>
        </elements>
      </ratingMovie>
      <ratingRating>
        <size>11</size>
        <elements>/QMFBQEB/QUDAQEAAAAAAA==</elements>
      </ratingRating>
      <userName>Cust3</userName>
    </eu.antonkrug.User>
    <eu.antonkrug.User>
      <firstName>Kevin</firstName>
      <lastName>Dean</lastName>
      <password>e5e9fa1ba31ecd1ae84f75caaa474f3a663f05f4</password>
      <ratingDirty>7</ratingDirty>
      <loggedIn>false</loggedIn>
      <ratingMovie>
        <size>7</size>
        <elements>
          <int>8</int>
          <int>36</int>
          <int>39</int>
          <int>42</int>
          <int>43</int>
          <int>51</int>
          <int>55</int>
          <int>0</int>
          <int>0</int>
          <int>0</int>
        </elements>
      </ratingMovie>
      <ratingRating>
        <size>7</size>
        <elements>BQX7+wX9/QAAAA==</elements>
      </ratingRating>
      <userName>Cust4</userName>
    </eu.antonkrug.User>
    <eu.antonkrug.User>
      <firstName>Henry</firstName>
      <lastName>Shefflin</lastName>
      <password>e5e9fa1ba31ecd1ae84f75caaa474f3a663f05f4</password>
      <ratingDirty>13</ratingDirty>
      <loggedIn>false</loggedIn>
      <ratingMovie>
        <size>13</size>
        <elements>
          <int>2</int>
          <int>26</int>
          <int>31</int>
          <int>32</int>
          <int>38</int>
          <int>40</int>
          <int>42</int>
          <int>43</int>
          <int>44</int>
          <int>48</int>
          <int>50</int>
          <int>51</int>
          <int>54</int>
          <int>0</int>
          <int>0</int>
          <int>0</int>
        </elements>
      </ratingMovie>
      <ratingRating>
        <size>13</size>
        <elements>/QMFAwUDAwUDAwUFBQAAAA==</elements>
      </ratingRating>
      <userName>Cust5</userName>
    </eu.antonkrug.User>
    <eu.antonkrug.User>
      <firstName>Tom</firstName>
      <lastName>Power</lastName>
      <password>e5e9fa1ba31ecd1ae84f75caaa474f3a663f05f4</password>
      <ratingDirty>28</ratingDirty>
      <loggedIn>false</loggedIn>
      <ratingMovie>
        <size>28</size>
        <elements>
          <int>1</int>
          <int>2</int>
          <int>3</int>
          <int>4</int>
          <int>5</int>
          <int>6</int>
          <int>7</int>
          <int>8</int>
          <int>9</int>
          <int>10</int>
          <int>11</int>
          <int>12</int>
          <int>13</int>
          <int>14</int>
          <int>15</int>
          <int>17</int>
          <int>19</int>
          <int>36</int>
          <int>37</int>
          <int>39</int>
          <int>41</int>
          <int>42</int>
          <int>43</int>
          <int>44</int>
          <int>46</int>
          <int>53</int>
          <int>54</int>
          <int>55</int>
          <int>0</int>
          <int>0</int>
          <int>0</int>
          <int>0</int>
          <int>0</int>
          <int>0</int>
          <int>0</int>
          <int>0</int>
          <int>0</int>
          <int>0</int>
        </elements>
      </ratingMovie>
      <ratingRating>
        <size>28</size>
        <elements>AQEDA/0DAwUFBQUBAwEBBQMDAwMDBQUF/QMBAQAAAAAAAAAAAAA=</elements>
      </ratingRating>
      <userName>Cust6</userName>
    </eu.antonkrug.User>
    <eu.antonkrug.User>
      <firstName>Peter</firstName>
      <lastName>North</lastName>
      <password>e5e9fa1ba31ecd1ae84f75caaa474f3a663f05f4</password>
      <ratingDirty>10</ratingDirty>
      <loggedIn>false</loggedIn>
      <ratingMovie>
        <size>10</size>
        <elements>
          <int>12</int>
          <int>28</int>
          <int>29</int>
          <int>32</int>
          <int>33</int>
          <int>36</int>
          <int>39</int>
          <int>43</int>
          <int>53</int>
          <int>55</int>
        </elements>
      </ratingMovie>
      <ratingRating>
        <size>10</size>
        <elements>BQH9BQUFAwUFBQ==</elements>
      </ratingRating>
      <userName>Cust7</userName>
    </eu.antonkrug.User>
    <eu.antonkrug.User>
      <firstName>Bob</firstName>
      <lastName>Dylan</lastName>
      <password>e5e9fa1ba31ecd1ae84f75caaa474f3a663f05f4</password>
      <ratingDirty>24</ratingDirty>
      <loggedIn>false</loggedIn>
      <ratingMovie>
        <size>24</size>
        <elements>
          <int>1</int>
          <int>4</int>
          <int>8</int>
          <int>10</int>
          <int>11</int>
          <int>17</int>
          <int>19</int>
          <int>20</int>
          <int>29</int>
          <int>31</int>
          <int>32</int>
          <int>33</int>
          <int>36</int>
          <int>39</int>
          <int>40</int>
          <int>41</int>
          <int>42</int>
          <int>43</int>
          <int>44</int>
          <int>47</int>
          <int>50</int>
          <int>51</int>
          <int>53</int>
          <int>55</int>
          <int>0</int>
        </elements>
      </ratingMovie>
      <ratingRating>
        <size>24</size>
        <elements>AwUFBQMDBQUFBQUDBQUFBQMFBQUFBQUFAA==</elements>
      </ratingRating>
      <userName>Cust8</userName>
    </eu.antonkrug.User>
    <eu.antonkrug.User>
      <firstName>Bob</firstName>
      <lastName>Hoskins</lastName>
      <password>e5e9fa1ba31ecd1ae84f75caaa474f3a663f05f4</password>
      <ratingDirty>8</ratingDirty>
      <loggedIn>false</loggedIn>
      <ratingMovie>
        <size>8</size>
        <elements>
          <int>1</int>
          <int>7</int>
          <int>12</int>
          <int>19</int>
          <int>26</int>
          <int>31</int>
          <int>50</int>
          <int>55</int>
          <int>0</int>
          <int>0</int>
        </elements>
      </ratingMovie>
      <ratingRating>
        <size>8</size>
        <elements>BQMDAQUB/QMAAA==</elements>
      </ratingRating>
      <userName>Cust9</userName>
    </eu.antonkrug.User>
    <eu.antonkrug.User>
      <firstName>Andrew</firstName>
      <lastName>Smores</lastName>
      <password>e5e9fa1ba31ecd1ae84f75caaa474f3a663f05f4</password>
      <ratingDirty>28</ratingDirty>
      <loggedIn>false</loggedIn>
      <ratingMovie>
        <size>28</size>
        <elements>
          <int>1</int>
          <int>2</int>
          <int>3</int>
          <int>5</int>
          <int>7</int>
          <int>10</int>
          <int>12</int>
          <int>13</int>
          <int>15</int>
          <int>18</int>
          <int>19</int>
          <int>24</int>
          <int>26</int>
          <int>28</int>
          <int>31</int>
          <int>32</int>
          <int>33</int>
          <int>34</int>
          <int>38</int>
          <int>40</int>
          <int>42</int>
          <int>43</int>
          <int>45</int>
          <int>48</int>
          <int>49</int>
          <int>50</int>
          <int>51</int>
          <int>53</int>
          <int>0</int>
          <int>0</int>
          <int>0</int>
          <int>0</int>
          <int>0</int>
          <int>0</int>
          <int>0</int>
          <int>0</int>
          <int>0</int>
          <int>0</int>
        </elements>
      </ratingMovie>
      <ratingRating>
        <size>28</size>
        <elements>AwMBAwP9BQMBBQMBAwEDBQMDBQUDA/0FAQUDAwAAAAAAAAAAAAA=</elements>
      </ratingRating>
      <userName>andrew</userName>
    </eu.antonkrug.User>
    <eu.antonkrug.User>
      <firstName>Mary</firstName>
      <lastName>Everet</lastName>
      <password>e5e9fa1ba31ecd1ae84f75caaa474f3a663f05f4</password>
      <ratingDirty>10</ratingDirty>
      <loggedIn>false</loggedIn>
      <ratingMovie>
        <size>10</size>
        <elements>
          <int>5</int>
          <int>10</int>
          <int>19</int>
          <int>24</int>
          <int>32</int>
          <int>34</int>
          <int>38</int>
          <int>43</int>
          <int>50</int>
          <int>51</int>
        </elements>
      </ratingMovie>
      <ratingRating>
        <size>10</size>
        <elements>BQP9/QMD/QP9/Q==</elements>
      </ratingRating>
      <userName>ma</userName>
    </eu.antonkrug.User>
    <eu.antonkrug.User>
      <firstName>Mat</firstName>
      <lastName>Corner</lastName>
      <password>e5e9fa1ba31ecd1ae84f75caaa474f3a663f05f4</password>
      <ratingDirty>18</ratingDirty>
      <loggedIn>false</loggedIn>
      <ratingMovie>
        <size>18</size>
        <elements>
          <int>2</int>
          <int>10</int>
          <int>12</int>
          <int>15</int>
          <int>16</int>
          <int>19</int>
          <int>22</int>
          <int>25</int>
          <int>31</int>
          <int>32</int>
          <int>33</int>
          <int>39</int>
          <int>43</int>
          <int>44</int>
          <int>46</int>
          <int>50</int>
          <int>51</int>
          <int>52</int>
          <int>0</int>
          <int>0</int>
          <int>0</int>
          <int>0</int>
          <int>0</int>
          <int>0</int>
          <int>0</int>
        </elements>
      </ratingMovie>
      <ratingRating>
        <size>18</size>
        <elements>AwUF/QUBAwMBAwMFBQMDBQUDAAAAAAAAAA==</elements>
      </ratingRating>
      <userName>matt</userName>
    </eu.antonkrug.User>
    <eu.antonkrug.User>
      <firstName>Mat</firstName>
      <lastName>Baker</lastName>
      <password>e5e9fa1ba31ecd1ae84f75caaa474f3a663f05f4</password>
      <ratingDirty>18</ratingDirty>
      <loggedIn>false</loggedIn>
      <ratingMovie>
        <size>18</size>
        <elements>
          <int>1</int>
          <int>2</int>
          <int>12</int>
          <int>15</int>
          <int>18</int>
          <int>19</int>
          <int>24</int>
          <int>26</int>
          <int>27</int>
          <int>31</int>
          <int>32</int>
          <int>34</int>
          <int>36</int>
          <int>38</int>
          <int>42</int>
          <int>43</int>
          <int>51</int>
          <int>53</int>
          <int>0</int>
          <int>0</int>
          <int>0</int>
          <int>0</int>
          <int>0</int>
          <int>0</int>
          <int>0</int>
        </elements>
      </ratingMovie>
      <ratingRating>
        <size>18</size>
        <elements>BQEFAwUDAwEBAwMF/QMFAwMBAAAAAAAAAA==</elements>
      </ratingRating>
      <userName>Ocelot</userName>
    </eu.antonkrug.User>
    <eu.antonkrug.User>
      <firstName>Jean</firstName>
      <lastName>Walsh</lastName>
      <password>e5e9fa1ba31ecd1ae84f75caaa474f3a663f05f4</password>
      <ratingDirty>15</ratingDirty>
      <loggedIn>false</loggedIn>
      <ratingMovie>
        <size>15</size>
        <elements>
          <int>1</int>
          <int>5</int>
          <int>10</int>
          <int>12</int>
          <int>18</int>
          <int>19</int>
          <int>20</int>
          <int>24</int>
          <int>26</int>
          <int>31</int>
          <int>32</int>
          <int>34</int>
          <int>38</int>
          <int>43</int>
          <int>48</int>
          <int>0</int>
        </elements>
      </ratingMovie>
      <ratingRating>
        <size>15</size>
        <elements>BQH7BQP9AwUFAwMFBQMFAA==</elements>
      </ratingRating>
      <userName>Cust10</userName>
    </eu.antonkrug.User>
    <eu.antonkrug.User>
      <firstName>Paddy</firstName>
      <lastName>Walsh</lastName>
      <password>e5e9fa1ba31ecd1ae84f75caaa474f3a663f05f4</password>
      <ratingDirty>8</ratingDirty>
      <loggedIn>false</loggedIn>
      <ratingMovie>
        <size>8</size>
        <elements>
          <int>3</int>
          <int>10</int>
          <int>15</int>
          <int>19</int>
          <int>31</int>
          <int>38</int>
          <int>50</int>
          <int>51</int>
          <int>0</int>
          <int>0</int>
        </elements>
      </ratingMovie>
      <ratingRating>
        <size>8</size>
        <elements>A/0FBQUFAwMAAA==</elements>
      </ratingRating>
      <userName>crom</userName>
    </eu.antonkrug.User>
    <eu.antonkrug.User>
      <firstName>Joe</firstName>
      <lastName>Whelan</lastName>
      <password>e5e9fa1ba31ecd1ae84f75caaa474f3a663f05f4</password>
      <ratingDirty>24</ratingDirty>
      <loggedIn>false</loggedIn>
      <ratingMovie>
        <size>24</size>
        <elements>
          <int>1</int>
          <int>10</int>
          <int>12</int>
          <int>15</int>
          <int>17</int>
          <int>18</int>
          <int>19</int>
          <int>21</int>
          <int>23</int>
          <int>28</int>
          <int>29</int>
          <int>31</int>
          <int>32</int>
          <int>33</int>
          <int>34</int>
          <int>36</int>
          <int>38</int>
          <int>39</int>
          <int>42</int>
          <int>43</int>
          <int>45</int>
          <int>47</int>
          <int>50</int>
          <int>51</int>
          <int>0</int>
        </elements>
      </ratingMovie>
      <ratingRating>
        <size>24</size>
        <elements>AwMFBQEBAwEDAwMFAwEDAQMBBQMFAQEFAA==</elements>
      </ratingRating>
      <userName>joe</userName>
    </eu.antonkrug.User>
    <eu.antonkrug.User>
      <firstName>Priscilla</firstName>
      <lastName>Desert</lastName>
      <password>e5e9fa1ba31ecd1ae84f75caaa474f3a663f05f4</password>
      <ratingDirty>14</ratingDirty>
      <loggedIn>false</loggedIn>
      <ratingMovie>
        <size>14</size>
        <elements>
          <int>1</int>
          <int>7</int>
          <int>12</int>
          <int>13</int>
          <int>15</int>
          <int>23</int>
          <int>24</int>
          <int>32</int>
          <int>34</int>
          <int>38</int>
          <int>50</int>
          <int>51</int>
          <int>53</int>
          <int>55</int>
          <int>0</int>
          <int>0</int>
        </elements>
      </ratingMovie>
      <ratingRating>
        <size>14</size>
        <elements>BQUDAwEDBQEDBf0BAf0AAA==</elements>
      </ratingRating>
      <userName>Priscilla</userName>
    </eu.antonkrug.User>
    <eu.antonkrug.User>
      <firstName>Harry</firstName>
      <lastName>Potter</lastName>
      <password>e5e9fa1ba31ecd1ae84f75caaa474f3a663f05f4</password>
      <ratingDirty>8</ratingDirty>
      <loggedIn>false</loggedIn>
      <ratingMovie>
        <size>8</size>
        <elements>
          <int>10</int>
          <int>12</int>
          <int>19</int>
          <int>28</int>
          <int>29</int>
          <int>38</int>
          <int>43</int>
          <int>50</int>
          <int>0</int>
          <int>0</int>
        </elements>
      </ratingMovie>
      <ratingRating>
        <size>8</size>
        <elements>+wEBAQEDBQMAAA==</elements>
      </ratingRating>
      <userName>Harry</userName>
    </eu.antonkrug.User>
    <eu.antonkrug.User>
      <firstName>Ned</firstName>
      <lastName>Kelly</lastName>
      <password>e5e9fa1ba31ecd1ae84f75caaa474f3a663f05f4</password>
      <ratingDirty>12</ratingDirty>
      <loggedIn>false</loggedIn>
      <ratingMovie>
        <size>12</size>
        <elements>
          <int>10</int>
          <int>19</int>
          <int>24</int>
          <int>31</int>
          <int>32</int>
          <int>36</int>
          <int>39</int>
          <int>40</int>
          <int>42</int>
          <int>43</int>
          <int>49</int>
          <int>55</int>
          <int>0</int>
          <int>0</int>
          <int>0</int>
          <int>0</int>
        </elements>
      </ratingMovie>
      <ratingRating>
        <size>12</size>
        <elements>AQP9AQH9AwEDAQP9AAAAAA==</elements>
      </ratingRating>
      <userName>Ned</userName>
    </eu.antonkrug.User>
    <eu.antonkrug.User>
      <firstName>Harry</firstName>
      <lastName>Potter</lastName>
      <password>e5e9fa1ba31ecd1ae84f75caaa474f3a663f05f4</password>
      <ratingDirty>10</ratingDirty>
      <loggedIn>false</loggedIn>
      <ratingMovie>
        <size>10</size>
        <elements>
          <int>1</int>
          <int>7</int>
          <int>10</int>
          <int>12</int>
          <int>18</int>
          <int>33</int>
          <int>50</int>
          <int>51</int>
          <int>53</int>
          <int>55</int>
        </elements>
      </ratingMovie>
      <ratingRating>
        <size>10</size>
        <elements>BQUDBQEDBQMFAw==</elements>
      </ratingRating>
      <userName>ender</userName>
    </eu.antonkrug.User>
    <eu.antonkrug.User>
      <firstName>Harry</firstName>
      <lastName>Potter</lastName>
      <password>e5e9fa1ba31ecd1ae84f75caaa474f3a663f05f4</password>
      <ratingDirty>13</ratingDirty>
      <loggedIn>false</loggedIn>
      <ratingMovie>
        <size>13</size>
        <elements>
          <int>3</int>
          <int>8</int>
          <int>11</int>
          <int>15</int>
          <int>24</int>
          <int>31</int>
          <int>32</int>
          <int>38</int>
          <int>43</int>
          <int>44</int>
          <int>49</int>
          <int>51</int>
          <int>55</int>
          <int>0</int>
          <int>0</int>
          <int>0</int>
        </elements>
      </ratingMovie>
      <ratingRating>
        <size>13</size>
        <elements>BQMB+wUD+wMDAwP9AQAAAA==</elements>
      </ratingRating>
      <userName>Apollo</userName>
    </eu.antonkrug.User>
    <eu.antonkrug.User>
      <firstName>Harry</firstName>
      <lastName>Potter</lastName>
      <password>e5e9fa1ba31ecd1ae84f75caaa474f3a663f05f4</password>
      <ratingDirty>10</ratingDirty>
      <loggedIn>false</loggedIn>
      <ratingMovie>
        <size>10</size>
        <elements>
          <int>2</int>
          <int>9</int>
          <int>20</int>
          <int>32</int>
          <int>39</int>
          <int>43</int>
          <int>47</int>
          <int>50</int>
          <int>51</int>
          <int>55</int>
        </elements>
      </ratingMovie>
      <ratingRating>
        <size>10</size>
        <elements>AwEFBQUFAwUFAQ==</elements>
      </ratingRating>
      <userName>Zax</userName>
    </eu.antonkrug.User>
    <eu.antonkrug.User>
      <firstName>Harry</firstName>
      <lastName>Potter</lastName>
      <password>e5e9fa1ba31ecd1ae84f75caaa474f3a663f05f4</password>
      <ratingDirty>6</ratingDirty>
      <loggedIn>false</loggedIn>
      <ratingMovie>
        <size>6</size>
        <elements>
          <int>2</int>
          <int>10</int>
          <int>24</int>
          <int>31</int>
          <int>38</int>
          <int>49</int>
          <int>0</int>
          <int>0</int>
          <int>0</int>
          <int>0</int>
        </elements>
      </ratingMovie>
      <ratingRating>
        <size>6</size>
        <elements>BQEDBQMFAAAAAA==</elements>
      </ratingRating>
      <userName>Jaluka</userName>
    </eu.antonkrug.User>
    <eu.antonkrug.User>
      <firstName>Harry</firstName>
      <lastName>Potter</lastName>
      <password>e5e9fa1ba31ecd1ae84f75caaa474f3a663f05f4</password>
      <ratingDirty>5</ratingDirty>
      <loggedIn>false</loggedIn>
      <ratingMovie>
        <size>5</size>
        <elements>
          <int>19</int>
          <int>29</int>
          <int>32</int>
          <int>34</int>
          <int>43</int>
          <int>0</int>
          <int>0</int>
          <int>0</int>
          <int>0</int>
          <int>0</int>
        </elements>
      </ratingMovie>
      <ratingRating>
        <size>5</size>
        <elements>BQUFAwUAAAAAAA==</elements>
      </ratingRating>
      <userName>Sanity</userName>
    </eu.antonkrug.User>
    <eu.antonkrug.User>
      <firstName>Harry</firstName>
      <lastName>Potter</lastName>
      <password>e5e9fa1ba31ecd1ae84f75caaa474f3a663f05f4</password>
      <ratingDirty>7</ratingDirty>
      <loggedIn>false</loggedIn>
      <ratingMovie>
        <size>7</size>
        <elements>
          <int>1</int>
          <int>15</int>
          <int>19</int>
          <int>24</int>
          <int>31</int>
          <int>38</int>
          <int>55</int>
          <int>0</int>
          <int>0</int>
          <int>0</int>
        </elements>
      </ratingMovie>
      <ratingRating>
        <size>7</size>
        <elements>AQEBA/0DAwAAAA==</elements>
      </ratingRating>
      <userName>Brix</userName>
    </eu.antonkrug.User>
    <eu.antonkrug.User>
      <firstName>Harry</firstName>
      <lastName>Potter</lastName>
      <password>e5e9fa1ba31ecd1ae84f75caaa474f3a663f05f4</password>
      <ratingDirty>14</ratingDirty>
      <loggedIn>false</loggedIn>
      <ratingMovie>
        <size>14</size>
        <elements>
          <int>8</int>
          <int>10</int>
          <int>11</int>
          <int>19</int>
          <int>20</int>
          <int>24</int>
          <int>31</int>
          <int>36</int>
          <int>40</int>
          <int>43</int>
          <int>44</int>
          <int>45</int>
          <int>49</int>
          <int>55</int>
          <int>0</int>
          <int>0</int>
        </elements>
      </ratingMovie>
      <ratingRating>
        <size>14</size>
        <elements>/QMBAwUDA/sBBQMDAQUAAA==</elements>
      </ratingRating>
      <userName>sage32</userName>
    </eu.antonkrug.User>
    <eu.antonkrug.User>
      <firstName>Harry</firstName>
      <lastName>Potter</lastName>
      <password>e5e9fa1ba31ecd1ae84f75caaa474f3a663f05f4</password>
      <ratingDirty>12</ratingDirty>
      <loggedIn>false</loggedIn>
      <ratingMovie>
        <size>12</size>
        <elements>
          <int>1</int>
          <int>8</int>
          <int>9</int>
          <int>19</int>
          <int>31</int>
          <int>32</int>
          <int>34</int>
          <int>42</int>
          <int>43</int>
          <int>49</int>
          <int>50</int>
          <int>51</int>
          <int>0</int>
          <int>0</int>
          <int>0</int>
          <int>0</int>
        </elements>
      </ratingMovie>
      <ratingRating>
        <size>12</size>
        <elements>BQED/QEFAwUFAwUFAAAAAA==</elements>
      </ratingRating>
      <userName>clipper</userName>
    </eu.antonkrug.User>
    <eu.antonkrug.User>
      <firstName>Harry</firstName>
      <lastName>Potter</lastName>
      <password>e5e9fa1ba31ecd1ae84f75caaa474f3a663f05f4</password>
      <ratingDirty>7</ratingDirty>
      <loggedIn>false</loggedIn>
      <ratingMovie>
        <size>7</size>
        <elements>
          <int>32</int>
          <int>36</int>
          <int>39</int>
          <int>44</int>
          <int>50</int>
          <int>51</int>
          <int>53</int>
          <int>0</int>
          <int>0</int>
          <int>0</int>
        </elements>
      </ratingMovie>
      <ratingRating>
        <size>7</size>
        <elements>AQMDAwUFBQAAAA==</elements>
      </ratingRating>
      <userName>YJAM</userName>
    </eu.antonkrug.User>
    <eu.antonkrug.User>
      <firstName>Harry</firstName>
      <lastName>Potter</lastName>
      <password>e5e9fa1ba31ecd1ae84f75caaa474f3a663f05f4</password>
      <ratingDirty>13</ratingDirty>
      <loggedIn>false</loggedIn>
      <ratingMovie>
        <size>13</size>
        <elements>
          <int>1</int>
          <int>2</int>
          <int>12</int>
          <int>13</int>
          <int>15</int>
          <int>19</int>
          <int>38</int>
          <int>39</int>
          <int>43</int>
          <int>49</int>
          <int>50</int>
          <int>51</int>
          <int>53</int>
          <int>0</int>
          <int>0</int>
          <int>0</int>
        </elements>
      </ratingMovie>
      <ratingRating>
        <size>13</size>
        <elements>Af0DA/39/f0FAQMF/QAAAA==</elements>
      </ratingRating>
      <userName>Martin</userName>
    </eu.antonkrug.User>
    <eu.antonkrug.User>
      <firstName>Harry</firstName>
      <lastName>Potter</lastName>
      <password>e5e9fa1ba31ecd1ae84f75caaa474f3a663f05f4</password>
      <ratingDirty>18</ratingDirty>
      <loggedIn>false</loggedIn>
      <ratingMovie>
        <size>18</size>
        <elements>
          <int>1</int>
          <int>7</int>
          <int>10</int>
          <int>12</int>
          <int>13</int>
          <int>18</int>
          <int>24</int>
          <int>26</int>
          <int>31</int>
          <int>32</int>
          <int>33</int>
          <int>34</int>
          <int>38</int>
          <int>42</int>
          <int>43</int>
          <int>48</int>
          <int>50</int>
          <int>51</int>
          <int>0</int>
          <int>0</int>
          <int>0</int>
          <int>0</int>
          <int>0</int>
          <int>0</int>
          <int>0</int>
        </elements>
      </ratingMovie>
      <ratingRating>
        <size>18</size>
        <elements>BQUBBQMDAwUFBQUDAwUDBQUDAAAAAAAAAA==</elements>
      </ratingRating>
      <userName>Mike</userName>
    </eu.antonkrug.User>
    <eu.antonkrug.User>
      <firstName>Harry</firstName>
      <lastName>Potter</lastName>
      <password>e5e9fa1ba31ecd1ae84f75caaa474f3a663f05f4</password>
      <ratingDirty>16</ratingDirty>
      <loggedIn>false</loggedIn>
      <ratingMovie>
        <size>16</size>
        <elements>
          <int>1</int>
          <int>3</int>
          <int>5</int>
          <int>8</int>
          <int>24</int>
          <int>32</int>
          <int>34</int>
          <int>38</int>
          <int>40</int>
          <int>42</int>
          <int>43</int>
          <int>44</int>
          <int>48</int>
          <int>50</int>
          <int>51</int>
          <int>55</int>
        </elements>
      </ratingMovie>
      <ratingRating>
        <size>16</size>
        <elements>Bf39+/sDA/sBBQUBBQEBAw==</elements>
      </ratingRating>
      <userName>Strongbad</userName>
    </eu.antonkrug.User>
    <eu.antonkrug.User>
      <firstName>Harry</firstName>
      <lastName>Potter</lastName>
      <password>e5e9fa1ba31ecd1ae84f75caaa474f3a663f05f4</password>
      <ratingDirty>15</ratingDirty>
      <loggedIn>false</loggedIn>
      <ratingMovie>
        <size>15</size>
        <elements>
          <int>1</int>
          <int>10</int>
          <int>15</int>
          <int>20</int>
          <int>24</int>
          <int>26</int>
          <int>31</int>
          <int>36</int>
          <int>38</int>
          <int>39</int>
          <int>40</int>
          <int>43</int>
          <int>44</int>
          <int>50</int>
          <int>51</int>
          <int>0</int>
        </elements>
      </ratingMovie>
      <ratingRating>
        <size>15</size>
        <elements>BQMFBQUDAQEFAwUFAwMFAA==</elements>
      </ratingRating>
      <userName>Brian</userName>
    </eu.antonkrug.User>
    <eu.antonkrug.User>
      <firstName>Douglas</firstName>
      <lastName>Anderson</lastName>
      <password>e5e9fa1ba31ecd1ae84f75caaa474f3a663f05f4</password>
      <ratingDirty>15</ratingDirty>
      <loggedIn>false</loggedIn>
      <ratingMovie>
        <size>15</size>
        <elements>
          <int>1</int>
          <int>10</int>
          <int>15</int>
          <int>20</int>
          <int>24</int>
          <int>26</int>
          <int>31</int>
          <int>36</int>
          <int>38</int>
          <int>39</int>
          <int>40</int>
          <int>43</int>
          <int>44</int>
          <int>50</int>
          <int>51</int>
          <int>0</int>
        </elements>
      </ratingMovie>
      <ratingRating>
        <size>15</size>
        <elements>BQMFBQUDAQEFAwUFAwMFAA==</elements>
      </ratingRating>
      <userName>Douglas</userName>
    </eu.antonkrug.User>
    <eu.antonkrug.User>
      <firstName>Chris</firstName>
      <lastName>Green</lastName>
      <password>e5e9fa1ba31ecd1ae84f75caaa474f3a663f05f4</password>
      <ratingDirty>2</ratingDirty>
      <loggedIn>false</loggedIn>
      <ratingMovie>
        <size>2</size>
        <elements>
          <int>31</int>
          <int>34</int>
          <int>0</int>
          <int>0</int>
          <int>0</int>
          <int>0</int>
          <int>0</int>
          <int>0</int>
          <int>0</int>
          <int>0</int>
        </elements>
      </ratingMovie>
      <ratingRating>
        <size>2</size>
        <elements>A/sAAAAAAAAAAA==</elements>
      </ratingRating>
      <userName>chrispeh</userName>
    </eu.antonkrug.User>
    <eu.antonkrug.User>
      <firstName>Rudy</firstName>
      <lastName>Whirl</lastName>
      <password>e5e9fa1ba31ecd1ae84f75caaa474f3a663f05f4</password>
      <ratingDirty>4</ratingDirty>
      <loggedIn>false</loggedIn>
      <ratingMovie>
        <size>4</size>
        <elements>
          <int>31</int>
          <int>34</int>
          <int>40</int>
          <int>43</int>
          <int>0</int>
          <int>0</int>
          <int>0</int>
          <int>0</int>
          <int>0</int>
          <int>0</int>
        </elements>
      </ratingMovie>
      <ratingRating>
        <size>4</size>
        <elements>AwEFAwAAAAAAAA==</elements>
      </ratingRating>
      <userName>Rudy</userName>
    </eu.antonkrug.User>
    <eu.antonkrug.User>
      <firstName>Tim</firstName>
      <lastName>Black</lastName>
      <password>e5e9fa1ba31ecd1ae84f75caaa474f3a663f05f4</password>
      <ratingDirty>7</ratingDirty>
      <loggedIn>false</loggedIn>
      <ratingMovie>
        <size>7</size>
        <elements>
          <int>10</int>
          <int>19</int>
          <int>31</int>
          <int>32</int>
          <int>34</int>
          <int>43</int>
          <int>50</int>
          <int>0</int>
          <int>0</int>
          <int>0</int>
        </elements>
      </ratingMovie>
      <ratingRating>
        <size>7</size>
        <elements>AwX7A/v9AwAAAA==</elements>
      </ratingRating>
      <userName>McLovin</userName>
    </eu.antonkrug.User>
    <eu.antonkrug.User>
      <firstName>Mike</firstName>
      <lastName>Williams</lastName>
      <password>e5e9fa1ba31ecd1ae84f75caaa474f3a663f05f4</password>
      <ratingDirty>19</ratingDirty>
      <loggedIn>false</loggedIn>
      <ratingMovie>
        <size>19</size>
        <elements>
          <int>1</int>
          <int>3</int>
          <int>7</int>
          <int>10</int>
          <int>12</int>
          <int>14</int>
          <int>17</int>
          <int>19</int>
          <int>31</int>
          <int>32</int>
          <int>34</int>
          <int>36</int>
          <int>39</int>
          <int>40</int>
          <int>42</int>
          <int>43</int>
          <int>44</int>
          <int>50</int>
          <int>51</int>
          <int>0</int>
          <int>0</int>
          <int>0</int>
          <int>0</int>
          <int>0</int>
          <int>0</int>
        </elements>
      </ratingMovie>
      <ratingRating>
        <size>19</size>
        <elements>AwUFBQUFAwMBAQUDBQUFBQMB/QAAAAAAAA==</elements>
      </ratingRating>
      <userName>Mike</userName>
    </eu.antonkrug.User>
    <eu.antonkrug.User>
      <firstName>Chris</firstName>
      <lastName>Green</lastName>
      <password>e5e9fa1ba31ecd1ae84f75caaa474f3a663f05f4</password>
      <ratingDirty>6</ratingDirty>
      <loggedIn>false</loggedIn>
      <ratingMovie>
        <size>6</size>
        <elements>
          <int>17</int>
          <int>31</int>
          <int>43</int>
          <int>44</int>
          <int>47</int>
          <int>51</int>
          <int>0</int>
          <int>0</int>
          <int>0</int>
          <int>0</int>
        </elements>
      </ratingMovie>
      <ratingRating>
        <size>6</size>
        <elements>AwMDAwX9AAAAAA==</elements>
      </ratingRating>
      <userName>Dude</userName>
    </eu.antonkrug.User>
    <eu.antonkrug.User>
      <firstName>Chris</firstName>
      <lastName>Green</lastName>
      <password>e5e9fa1ba31ecd1ae84f75caaa474f3a663f05f4</password>
      <ratingDirty>10</ratingDirty>
      <loggedIn>false</loggedIn>
      <ratingMovie>
        <size>10</size>
        <elements>
          <int>3</int>
          <int>16</int>
          <int>31</int>
          <int>32</int>
          <int>34</int>
          <int>39</int>
          <int>43</int>
          <int>44</int>
          <int>50</int>
          <int>51</int>
        </elements>
      </ratingMovie>
      <ratingRating>
        <size>10</size>
        <elements>/QEBA/sFBQUFBQ==</elements>
      </ratingRating>
      <userName>Hideo</userName>
    </eu.antonkrug.User>
    <eu.antonkrug.User>
      <firstName>Rudy</firstName>
      <lastName>Ann</lastName>
      <password>e5e9fa1ba31ecd1ae84f75caaa474f3a663f05f4</password>
      <ratingDirty>5</ratingDirty>
      <loggedIn>false</loggedIn>
      <ratingMovie>
        <size>5</size>
        <elements>
          <int>31</int>
          <int>34</int>
          <int>40</int>
          <int>43</int>
          <int>44</int>
          <int>0</int>
          <int>0</int>
          <int>0</int>
          <int>0</int>
          <int>0</int>
        </elements>
      </ratingMovie>
      <ratingRating>
        <size>5</size>
        <elements>/fsBAwEAAAAAAA==</elements>
      </ratingRating>
      <userName>Rudy</userName>
    </eu.antonkrug.User>
    <eu.antonkrug.User>
      <firstName>Don</firstName>
      <lastName>Wang</lastName>
      <password>e5e9fa1ba31ecd1ae84f75caaa474f3a663f05f4</password>
      <ratingDirty>6</ratingDirty>
      <loggedIn>false</loggedIn>
      <ratingMovie>
        <size>6</size>
        <elements>
          <int>31</int>
          <int>34</int>
          <int>39</int>
          <int>43</int>
          <int>44</int>
          <int>51</int>
          <int>0</int>
          <int>0</int>
          <int>0</int>
          <int>0</int>
        </elements>
      </ratingMovie>
      <ratingRating>
        <size>6</size>
        <elements>AQEDAwMDAAAAAA==</elements>
      </ratingRating>
      <userName>Don</userName>
    </eu.antonkrug.User>
    <eu.antonkrug.User>
      <firstName>Anna</firstName>
      <lastName>Carol</lastName>
      <password>e5e9fa1ba31ecd1ae84f75caaa474f3a663f05f4</password>
      <ratingDirty>8</ratingDirty>
      <loggedIn>false</loggedIn>
      <ratingMovie>
        <size>8</size>
        <elements>
          <int>3</int>
          <int>8</int>
          <int>31</int>
          <int>32</int>
          <int>36</int>
          <int>40</int>
          <int>44</int>
          <int>51</int>
          <int>0</int>
          <int>0</int>
        </elements>
      </ratingMovie>
      <ratingRating>
        <size>8</size>
        <elements>AwEBAwUDAwMAAA==</elements>
      </ratingRating>
      <userName>Anna</userName>
    </eu.antonkrug.User>
    <eu.antonkrug.User>
      <firstName>Anna</firstName>
      <lastName>Carol</lastName>
      <password>e5e9fa1ba31ecd1ae84f75caaa474f3a663f05f4</password>
      <ratingDirty>14</ratingDirty>
      <loggedIn>false</loggedIn>
      <ratingMovie>
        <size>14</size>
        <elements>
          <int>10</int>
          <int>17</int>
          <int>19</int>
          <int>20</int>
          <int>31</int>
          <int>32</int>
          <int>33</int>
          <int>34</int>
          <int>39</int>
          <int>40</int>
          <int>41</int>
          <int>42</int>
          <int>50</int>
          <int>51</int>
          <int>0</int>
          <int>0</int>
        </elements>
      </ratingMovie>
      <ratingRating>
        <size>14</size>
        <elements>BQUD+wEDA/0DAwH9AwMAAA==</elements>
      </ratingRating>
      <userName>SubRia</userName>
    </eu.antonkrug.User>
    <eu.antonkrug.User>
      <firstName>Ella</firstName>
      <lastName>Carol</lastName>
      <password>e5e9fa1ba31ecd1ae84f75caaa474f3a663f05f4</password>
      <ratingDirty>12</ratingDirty>
      <loggedIn>false</loggedIn>
      <ratingMovie>
        <size>12</size>
        <elements>
          <int>8</int>
          <int>11</int>
          <int>12</int>
          <int>17</int>
          <int>20</int>
          <int>31</int>
          <int>32</int>
          <int>34</int>
          <int>36</int>
          <int>39</int>
          <int>42</int>
          <int>44</int>
          <int>0</int>
          <int>0</int>
          <int>0</int>
          <int>0</int>
        </elements>
      </ratingMovie>
      <ratingRating>
        <size>12</size>
        <elements>AwMBAwP7AfsFAQMFAAAAAA==</elements>
      </ratingRating>
      <userName>Ella</userName>
    </eu.antonkrug.User>
    <eu.antonkrug.User>
      <firstName>Leslie</firstName>
      <lastName>Carol</lastName>
      <password>e5e9fa1ba31ecd1ae84f75caaa474f3a663f05f4</password>
      <ratingDirty>10</ratingDirty>
      <loggedIn>false</loggedIn>
      <ratingMovie>
        <size>10</size>
        <elements>
          <int>1</int>
          <int>10</int>
          <int>31</int>
          <int>33</int>
          <int>34</int>
          <int>39</int>
          <int>43</int>
          <int>44</int>
          <int>50</int>
          <int>51</int>
        </elements>
      </ratingMovie>
      <ratingRating>
        <size>10</size>
        <elements>BQUFBfsF+wUFBQ==</elements>
      </ratingRating>
      <userName>Leslie</userName>
    </eu.antonkrug.User>
    <eu.antonkrug.User>
      <firstName>Sam</firstName>
      <lastName>Green</lastName>
      <password>e5e9fa1ba31ecd1ae84f75caaa474f3a663f05f4</password>
      <ratingDirty>6</ratingDirty>
      <loggedIn>false</loggedIn>
      <ratingMovie>
        <size>6</size>
        <elements>
          <int>2</int>
          <int>6</int>
          <int>10</int>
          <int>31</int>
          <int>34</int>
          <int>52</int>
          <int>0</int>
          <int>0</int>
          <int>0</int>
          <int>0</int>
        </elements>
      </ratingMovie>
      <ratingRating>
        <size>6</size>
        <elements>AwEDAf0BAAAAAA==</elements>
      </ratingRating>
      <userName>Sam</userName>
    </eu.antonkrug.User>
    <eu.antonkrug.User>
      <firstName>Cederic</firstName>
      <lastName>Jones</lastName>
      <password>e5e9fa1ba31ecd1ae84f75caaa474f3a663f05f4</password>
      <ratingDirty>9</ratingDirty>
      <loggedIn>false</loggedIn>
      <ratingMovie>
        <size>9</size>
        <elements>
          <int>10</int>
          <int>13</int>
          <int>19</int>
          <int>31</int>
          <int>33</int>
          <int>34</int>
          <int>40</int>
          <int>44</int>
          <int>53</int>
          <int>0</int>
        </elements>
      </ratingMovie>
      <ratingRating>
        <size>9</size>
        <elements>AwUFAQX7AwUFAA==</elements>
      </ratingRating>
      <userName>Cedric</userName>
    </eu.antonkrug.User>
    <eu.antonkrug.User>
      <firstName>Dan</firstName>
      <lastName>Wang</lastName>
      <password>e5e9fa1ba31ecd1ae84f75caaa474f3a663f05f4</password>
      <ratingDirty>6</ratingDirty>
      <loggedIn>false</loggedIn>
      <ratingMovie>
        <size>6</size>
        <elements>
          <int>31</int>
          <int>34</int>
          <int>39</int>
          <int>43</int>
          <int>44</int>
          <int>51</int>
          <int>0</int>
          <int>0</int>
          <int>0</int>
          <int>0</int>
        </elements>
      </ratingMovie>
      <ratingRating>
        <size>6</size>
        <elements>AQEDAwMDAAAAAA==</elements>
      </ratingRating>
      <userName>Don</userName>
    </eu.antonkrug.User>
    <eu.antonkrug.User>
      <firstName>John</firstName>
      <lastName>MClean</lastName>
      <password>e5e9fa1ba31ecd1ae84f75caaa474f3a663f05f4</password>
      <ratingDirty>12</ratingDirty>
      <loggedIn>false</loggedIn>
      <ratingMovie>
        <size>12</size>
        <elements>
          <int>10</int>
          <int>17</int>
          <int>24</int>
          <int>31</int>
          <int>34</int>
          <int>38</int>
          <int>39</int>
          <int>43</int>
          <int>44</int>
          <int>51</int>
          <int>53</int>
          <int>55</int>
          <int>0</int>
          <int>0</int>
          <int>0</int>
          <int>0</int>
        </elements>
      </ratingMovie>
      <ratingRating>
        <size>12</size>
        <elements>BQMFBQMFBQUFBQEFAAAAAA==</elements>
      </ratingRating>
      <userName>McLean</userName>
    </eu.antonkrug.User>
    <eu.antonkrug.User>
      <firstName>Mary</firstName>
      <lastName>Shannon</lastName>
      <password>e5e9fa1ba31ecd1ae84f75caaa474f3a663f05f4</password>
      <ratingDirty>19</ratingDirty>
      <loggedIn>false</loggedIn>
      <ratingMovie>
        <size>19</size>
        <elements>
          <int>1</int>
          <int>10</int>
          <int>11</int>
          <int>17</int>
          <int>20</int>
          <int>28</int>
          <int>32</int>
          <int>33</int>
          <int>34</int>
          <int>36</int>
          <int>39</int>
          <int>41</int>
          <int>42</int>
          <int>43</int>
          <int>44</int>
          <int>47</int>
          <int>50</int>
          <int>51</int>
          <int>53</int>
          <int>0</int>
          <int>0</int>
          <int>0</int>
          <int>0</int>
          <int>0</int>
          <int>0</int>
        </elements>
      </ratingMovie>
      <ratingRating>
        <size>19</size>
        <elements>AwUFBQUFBQX7BQUFBQUFBQUFBQAAAAAAAA==</elements>
      </ratingRating>
      <userName>Shannon</userName>
    </eu.antonkrug.User>
    <eu.antonkrug.User>
      <firstName>Joshua</firstName>
      <lastName>Brown</lastName>
      <password>e5e9fa1ba31ecd1ae84f75caaa474f3a663f05f4</password>
      <ratingDirty>6</ratingDirty>
      <loggedIn>false</loggedIn>
      <ratingMovie>
        <size>6</size>
        <elements>
          <int>8</int>
          <int>11</int>
          <int>31</int>
          <int>34</int>
          <int>36</int>
          <int>43</int>
          <int>0</int>
          <int>0</int>
          <int>0</int>
          <int>0</int>
        </elements>
      </ratingMovie>
      <ratingRating>
        <size>6</size>
        <elements>Af0D+/sFAAAAAA==</elements>
      </ratingRating>
      <userName>Joshua</userName>
    </eu.antonkrug.User>
    <eu.antonkrug.User>
      <firstName>Jeremy</firstName>
      <lastName>White</lastName>
      <password>e5e9fa1ba31ecd1ae84f75caaa474f3a663f05f4</password>
      <ratingDirty>4</ratingDirty>
      <loggedIn>false</loggedIn>
      <ratingMovie>
        <size>4</size>
        <elements>
          <int>11</int>
          <int>32</int>
          <int>34</int>
          <int>42</int>
          <int>0</int>
          <int>0</int>
          <int>0</int>
          <int>0</int>
          <int>0</int>
          <int>0</int>
        </elements>
      </ratingMovie>
      <ratingRating>
        <size>4</size>
        <elements>AwP7AwAAAAAAAA==</elements>
      </ratingRating>
      <userName>Jeremy</userName>
    </eu.antonkrug.User>
    <eu.antonkrug.User>
      <firstName>Pable</firstName>
      <lastName>Sanchez</lastName>
      <password>e5e9fa1ba31ecd1ae84f75caaa474f3a663f05f4</password>
      <ratingDirty>4</ratingDirty>
      <loggedIn>false</loggedIn>
      <ratingMovie>
        <size>4</size>
        <elements>
          <int>34</int>
          <int>39</int>
          <int>44</int>
          <int>47</int>
          <int>0</int>
          <int>0</int>
          <int>0</int>
          <int>0</int>
          <int>0</int>
          <int>0</int>
        </elements>
      </ratingMovie>
      <ratingRating>
        <size>4</size>
        <elements>AwMBAwAAAAAAAA==</elements>
      </ratingRating>
      <userName>Pablo</userName>
    </eu.antonkrug.User>
    <eu.antonkrug.User>
      <firstName>mary</firstName>
      <lastName>Terry</lastName>
      <password>e5e9fa1ba31ecd1ae84f75caaa474f3a663f05f4</password>
      <ratingDirty>3</ratingDirty>
      <loggedIn>false</loggedIn>
      <ratingMovie>
        <size>3</size>
        <elements>
          <int>34</int>
          <int>36</int>
          <int>43</int>
          <int>0</int>
          <int>0</int>
          <int>0</int>
          <int>0</int>
          <int>0</int>
          <int>0</int>
          <int>0</int>
        </elements>
      </ratingMovie>
      <ratingRating>
        <size>3</size>
        <elements>+/sDAAAAAAAAAA==</elements>
      </ratingRating>
      <userName>Scream</userName>
    </eu.antonkrug.User>
    <eu.antonkrug.User>
      <firstName>John</firstName>
      <lastName>zappa</lastName>
      <password>e5e9fa1ba31ecd1ae84f75caaa474f3a663f05f4</password>
      <ratingDirty>19</ratingDirty>
      <loggedIn>false</loggedIn>
      <ratingMovie>
        <size>19</size>
        <elements>
          <int>1</int>
          <int>10</int>
          <int>11</int>
          <int>12</int>
          <int>17</int>
          <int>20</int>
          <int>28</int>
          <int>32</int>
          <int>33</int>
          <int>34</int>
          <int>36</int>
          <int>39</int>
          <int>40</int>
          <int>41</int>
          <int>42</int>
          <int>43</int>
          <int>44</int>
          <int>50</int>
          <int>51</int>
          <int>0</int>
          <int>0</int>
          <int>0</int>
          <int>0</int>
          <int>0</int>
          <int>0</int>
        </elements>
      </ratingMovie>
      <ratingRating>
        <size>19</size>
        <elements>BQMDAwUFBQUF+wUFBQUFBQUFBQAAAAAAAA==</elements>
      </ratingRating>
      <userName>ROFLOL</userName>
    </eu.antonkrug.User>
    <eu.antonkrug.User>
      <firstName>Albus</firstName>
      <lastName>Dumbledore</lastName>
      <password>e5e9fa1ba31ecd1ae84f75caaa474f3a663f05f4</password>
      <ratingDirty>6</ratingDirty>
      <loggedIn>false</loggedIn>
      <ratingMovie>
        <size>6</size>
        <elements>
          <int>8</int>
          <int>11</int>
          <int>31</int>
          <int>34</int>
          <int>36</int>
          <int>43</int>
          <int>0</int>
          <int>0</int>
          <int>0</int>
          <int>0</int>
        </elements>
      </ratingMovie>
      <ratingRating>
        <size>6</size>
        <elements>Af0D/fsFAAAAAA==</elements>
      </ratingRating>
      <userName>Albus</userName>
    </eu.antonkrug.User>
    <eu.antonkrug.User>
      <firstName>Alexandra</firstName>
      <lastName>Dumbledore</lastName>
      <password>e5e9fa1ba31ecd1ae84f75caaa474f3a663f05f4</password>
      <ratingDirty>4</ratingDirty>
      <loggedIn>false</loggedIn>
      <ratingMovie>
        <size>4</size>
        <elements>
          <int>11</int>
          <int>32</int>
          <int>34</int>
          <int>42</int>
          <int>0</int>
          <int>0</int>
          <int>0</int>
          <int>0</int>
          <int>0</int>
          <int>0</int>
        </elements>
      </ratingMovie>
      <ratingRating>
        <size>4</size>
        <elements>AwP7AwAAAAAAAA==</elements>
      </ratingRating>
      <userName>Alexandra</userName>
    </eu.antonkrug.User>
    <eu.antonkrug.User>
      <firstName>Clodagh</firstName>
      <lastName>Reder</lastName>
      <password>e5e9fa1ba31ecd1ae84f75caaa474f3a663f05f4</password>
      <ratingDirty>12</ratingDirty>
      <loggedIn>false</loggedIn>
      <ratingMovie>
        <size>12</size>
        <elements>
          <int>1</int>
          <int>12</int>
          <int>18</int>
          <int>28</int>
          <int>32</int>
          <int>34</int>
          <int>37</int>
          <int>39</int>
          <int>43</int>
          <int>44</int>
          <int>50</int>
          <int>51</int>
          <int>0</int>
          <int>0</int>
          <int>0</int>
          <int>0</int>
        </elements>
      </ratingMovie>
      <ratingRating>
        <size>12</size>
        <elements>BQUFBQP7BQX9AwUFAAAAAA==</elements>
      </ratingRating>
      <userName>NaRwHaLs</userName>
    </eu.antonkrug.User>
    <eu.antonkrug.User>
      <firstName>Jeremy</firstName>
      <lastName>Kyle</lastName>
      <password>e5e9fa1ba31ecd1ae84f75caaa474f3a663f05f4</password>
      <ratingDirty>5</ratingDirty>
      <loggedIn>false</loggedIn>
      <ratingMovie>
        <size>5</size>
        <elements>
          <int>1</int>
          <int>34</int>
          <int>36</int>
          <int>43</int>
          <int>47</int>
          <int>0</int>
          <int>0</int>
          <int>0</int>
          <int>0</int>
          <int>0</int>
        </elements>
      </ratingMovie>
      <ratingRating>
        <size>5</size>
        <elements>Bf37+wEAAAAAAA==</elements>
      </ratingRating>
      <userName>J-Rok</userName>
    </eu.antonkrug.User>
    <eu.antonkrug.User>
      <firstName>Jeremy</firstName>
      <lastName>White</lastName>
      <password>e5e9fa1ba31ecd1ae84f75caaa474f3a663f05f4</password>
      <ratingDirty>12</ratingDirty>
      <loggedIn>false</loggedIn>
      <ratingMovie>
        <size>12</size>
        <elements>
          <int>19</int>
          <int>24</int>
          <int>32</int>
          <int>34</int>
          <int>39</int>
          <int>40</int>
          <int>42</int>
          <int>43</int>
          <int>44</int>
          <int>47</int>
          <int>50</int>
          <int>51</int>
          <int>0</int>
          <int>0</int>
          <int>0</int>
          <int>0</int>
        </elements>
      </ratingMovie>
      <ratingRating>
        <size>12</size>
        <elements>AQUFAQMF/QUD+wUFAAAAAA==</elements>
      </ratingRating>
      <userName>snoosh</userName>
    </eu.antonkrug.User>
    <eu.antonkrug.User>
      <firstName>Jeremy</firstName>
      <lastName>Blond</lastName>
      <password>e5e9fa1ba31ecd1ae84f75caaa474f3a663f05f4</password>
      <ratingDirty>4</ratingDirty>
      <loggedIn>false</loggedIn>
      <ratingMovie>
        <size>4</size>
        <elements>
          <int>32</int>
          <int>33</int>
          <int>51</int>
          <int>53</int>
          <int>0</int>
          <int>0</int>
          <int>0</int>
          <int>0</int>
          <int>0</int>
          <int>0</int>
        </elements>
      </ratingMovie>
      <ratingRating>
        <size>4</size>
        <elements>AQMDAQAAAAAAAA==</elements>
      </ratingRating>
      <userName>Huxil</userName>
    </eu.antonkrug.User>
    <eu.antonkrug.User>
      <firstName>Jeremy</firstName>
      <lastName>Topper</lastName>
      <password>e5e9fa1ba31ecd1ae84f75caaa474f3a663f05f4</password>
      <ratingDirty>11</ratingDirty>
      <loggedIn>false</loggedIn>
      <ratingMovie>
        <size>11</size>
        <elements>
          <int>13</int>
          <int>28</int>
          <int>29</int>
          <int>32</int>
          <int>34</int>
          <int>39</int>
          <int>43</int>
          <int>44</int>
          <int>45</int>
          <int>50</int>
          <int>51</int>
          <int>0</int>
          <int>0</int>
          <int>0</int>
          <int>0</int>
          <int>0</int>
        </elements>
      </ratingMovie>
      <ratingRating>
        <size>11</size>
        <elements>AwUFAwUFBQUFBQUAAAAAAA==</elements>
      </ratingRating>
      <userName>hidan</userName>
    </eu.antonkrug.User>
    <eu.antonkrug.User>
      <firstName>Leah</firstName>
      <lastName>White</lastName>
      <password>e5e9fa1ba31ecd1ae84f75caaa474f3a663f05f4</password>
      <ratingDirty>2</ratingDirty>
      <loggedIn>false</loggedIn>
      <ratingMovie>
        <size>2</size>
        <elements>
          <int>28</int>
          <int>45</int>
          <int>0</int>
          <int>0</int>
          <int>0</int>
          <int>0</int>
          <int>0</int>
          <int>0</int>
          <int>0</int>
          <int>0</int>
        </elements>
      </ratingMovie>
      <ratingRating>
        <size>2</size>
        <elements>AwEAAAAAAAAAAA==</elements>
      </ratingRating>
      <userName>Leah</userName>
    </eu.antonkrug.User>
    <eu.antonkrug.User>
      <firstName>Bob</firstName>
      <lastName>Blind</lastName>
      <password>e5e9fa1ba31ecd1ae84f75caaa474f3a663f05f4</password>
      <ratingDirty>4</ratingDirty>
      <loggedIn>false</loggedIn>
      <ratingMovie>
        <size>4</size>
        <elements>
          <int>29</int>
          <int>31</int>
          <int>34</int>
          <int>40</int>
          <int>0</int>
          <int>0</int>
          <int>0</int>
          <int>0</int>
          <int>0</int>
          <int>0</int>
        </elements>
      </ratingMovie>
      <ratingRating>
        <size>4</size>
        <elements>BQUFBQAAAAAAAA==</elements>
      </ratingRating>
      <userName>Boxxy</userName>
    </eu.antonkrug.User>
    <eu.antonkrug.User>
      <firstName>Rosanna</firstName>
      <lastName>King</lastName>
      <password>e5e9fa1ba31ecd1ae84f75caaa474f3a663f05f4</password>
      <ratingDirty>13</ratingDirty>
      <loggedIn>false</loggedIn>
      <ratingMovie>
        <size>13</size>
        <elements>
          <int>10</int>
          <int>11</int>
          <int>12</int>
          <int>15</int>
          <int>19</int>
          <int>28</int>
          <int>31</int>
          <int>32</int>
          <int>34</int>
          <int>36</int>
          <int>43</int>
          <int>44</int>
          <int>51</int>
          <int>0</int>
          <int>0</int>
          <int>0</int>
        </elements>
      </ratingMovie>
      <ratingRating>
        <size>13</size>
        <elements>BQUD/QEBAQUBBQUF/QAAAA==</elements>
      </ratingRating>
      <userName>Rosanna</userName>
    </eu.antonkrug.User>
    <eu.antonkrug.User>
      <firstName>Claire</firstName>
      <lastName>Rush</lastName>
      <password>e5e9fa1ba31ecd1ae84f75caaa474f3a663f05f4</password>
      <ratingDirty>24</ratingDirty>
      <loggedIn>false</loggedIn>
      <ratingMovie>
        <size>24</size>
        <elements>
          <int>1</int>
          <int>2</int>
          <int>8</int>
          <int>10</int>
          <int>11</int>
          <int>15</int>
          <int>17</int>
          <int>19</int>
          <int>24</int>
          <int>26</int>
          <int>31</int>
          <int>32</int>
          <int>34</int>
          <int>36</int>
          <int>37</int>
          <int>39</int>
          <int>40</int>
          <int>42</int>
          <int>43</int>
          <int>44</int>
          <int>50</int>
          <int>51</int>
          <int>53</int>
          <int>55</int>
          <int>0</int>
        </elements>
      </ratingMovie>
      <ratingRating>
        <size>24</size>
        <elements>BQMFAwEBAQP9BQUFAfsFAwMFBQUFBQEBAA==</elements>
      </ratingRating>
      <userName>Claire</userName>
    </eu.antonkrug.User>
    <eu.antonkrug.User>
      <firstName>Dave</firstName>
      <lastName>White</lastName>
      <password>e5e9fa1ba31ecd1ae84f75caaa474f3a663f05f4</password>
      <ratingDirty>5</ratingDirty>
      <loggedIn>false</loggedIn>
      <ratingMovie>
        <size>5</size>
        <elements>
          <int>17</int>
          <int>39</int>
          <int>42</int>
          <int>43</int>
          <int>55</int>
          <int>0</int>
          <int>0</int>
          <int>0</int>
          <int>0</int>
          <int>0</int>
        </elements>
      </ratingMovie>
      <ratingRating>
        <size>5</size>
        <elements>+wEFAQUAAAAAAA==</elements>
      </ratingRating>
      <userName>David</userName>
    </eu.antonkrug.User>
    <eu.antonkrug.User>
      <firstName>Zachary</firstName>
      <lastName>Rosanna</lastName>
      <password>e5e9fa1ba31ecd1ae84f75caaa474f3a663f05f4</password>
      <ratingDirty>7</ratingDirty>
      <loggedIn>false</loggedIn>
      <ratingMovie>
        <size>7</size>
        <elements>
          <int>17</int>
          <int>28</int>
          <int>39</int>
          <int>42</int>
          <int>44</int>
          <int>45</int>
          <int>51</int>
          <int>0</int>
          <int>0</int>
          <int>0</int>
        </elements>
      </ratingMovie>
      <ratingRating>
        <size>7</size>
        <elements>AQUDAQUFBQAAAA==</elements>
      </ratingRating>
      <userName>Zachary</userName>
    </eu.antonkrug.User>
    <eu.antonkrug.User>
      <firstName>Zachary</firstName>
      <lastName>Neder</lastName>
      <password>e5e9fa1ba31ecd1ae84f75caaa474f3a663f05f4</password>
      <ratingDirty>19</ratingDirty>
      <loggedIn>false</loggedIn>
      <ratingMovie>
        <size>19</size>
        <elements>
          <int>1</int>
          <int>2</int>
          <int>3</int>
          <int>10</int>
          <int>12</int>
          <int>15</int>
          <int>19</int>
          <int>24</int>
          <int>26</int>
          <int>28</int>
          <int>29</int>
          <int>31</int>
          <int>32</int>
          <int>36</int>
          <int>38</int>
          <int>43</int>
          <int>44</int>
          <int>47</int>
          <int>55</int>
          <int>0</int>
          <int>0</int>
          <int>0</int>
          <int>0</int>
          <int>0</int>
          <int>0</int>
        </elements>
      </ratingMovie>
      <ratingRating>
        <size>19</size>
        <elements>BQUD+wMDAwUFAQEDAfsFAwMD/QAAAAAAAA==</elements>
      </ratingRating>
      <userName>ParseClaws</userName>
    </eu.antonkrug.User>
    <eu.antonkrug.User>
      <firstName>Tiffany</firstName>
      <lastName>Zachary</lastName>
      <password>e5e9fa1ba31ecd1ae84f75caaa474f3a663f05f4</password>
      <ratingDirty>26</ratingDirty>
      <loggedIn>false</loggedIn>
      <ratingMovie>
        <size>26</size>
        <elements>
          <int>1</int>
          <int>4</int>
          <int>8</int>
          <int>10</int>
          <int>11</int>
          <int>15</int>
          <int>17</int>
          <int>19</int>
          <int>20</int>
          <int>28</int>
          <int>29</int>
          <int>31</int>
          <int>32</int>
          <int>36</int>
          <int>39</int>
          <int>40</int>
          <int>41</int>
          <int>42</int>
          <int>43</int>
          <int>44</int>
          <int>47</int>
          <int>50</int>
          <int>51</int>
          <int>52</int>
          <int>53</int>
          <int>55</int>
          <int>0</int>
          <int>0</int>
          <int>0</int>
          <int>0</int>
          <int>0</int>
          <int>0</int>
          <int>0</int>
          <int>0</int>
          <int>0</int>
          <int>0</int>
          <int>0</int>
          <int>0</int>
        </elements>
      </ratingMovie>
      <ratingRating>
        <size>26</size>
        <elements>AwH9Bf0DAwED+wEFBfsBAwUDBQX9BQUDBQMAAAAAAAAAAAAAAAA=</elements>
      </ratingRating>
      <userName>Tiffany</userName>
    </eu.antonkrug.User>
    <eu.antonkrug.User>
      <firstName>Sidney</firstName>
      <lastName>Jones</lastName>
      <password>e5e9fa1ba31ecd1ae84f75caaa474f3a663f05f4</password>
      <ratingDirty>15</ratingDirty>
      <loggedIn>false</loggedIn>
      <ratingMovie>
        <size>15</size>
        <elements>
          <int>15</int>
          <int>17</int>
          <int>19</int>
          <int>24</int>
          <int>28</int>
          <int>29</int>
          <int>32</int>
          <int>34</int>
          <int>39</int>
          <int>40</int>
          <int>43</int>
          <int>45</int>
          <int>47</int>
          <int>50</int>
          <int>51</int>
          <int>0</int>
        </elements>
      </ratingMovie>
      <ratingRating>
        <size>15</size>
        <elements>AQMDAQUFAwMFBQUDAwUFAA==</elements>
      </ratingRating>
      <userName>Sidney</userName>
    </eu.antonkrug.User>
    <eu.antonkrug.User>
      <firstName>Tony</firstName>
      <lastName>Penkert</lastName>
      <password>e5e9fa1ba31ecd1ae84f75caaa474f3a663f05f4</password>
      <ratingDirty>43</ratingDirty>
      <loggedIn>false</loggedIn>
      <ratingMovie>
        <size>43</size>
        <elements>
          <int>1</int>
          <int>2</int>
          <int>3</int>
          <int>4</int>
          <int>5</int>
          <int>6</int>
          <int>7</int>
          <int>8</int>
          <int>9</int>
          <int>10</int>
          <int>11</int>
          <int>12</int>
          <int>13</int>
          <int>14</int>
          <int>15</int>
          <int>16</int>
          <int>17</int>
          <int>18</int>
          <int>19</int>
          <int>20</int>
          <int>21</int>
          <int>22</int>
          <int>23</int>
          <int>24</int>
          <int>25</int>
          <int>26</int>
          <int>27</int>
          <int>28</int>
          <int>29</int>
          <int>30</int>
          <int>31</int>
          <int>37</int>
          <int>41</int>
          <int>44</int>
          <int>46</int>
          <int>47</int>
          <int>48</int>
          <int>50</int>
          <int>51</int>
          <int>52</int>
          <int>53</int>
          <int>54</int>
          <int>55</int>
          <int>0</int>
          <int>0</int>
          <int>0</int>
          <int>0</int>
          <int>0</int>
          <int>0</int>
          <int>0</int>
          <int>0</int>
          <int>0</int>
          <int>0</int>
          <int>0</int>
          <int>0</int>
          <int>0</int>
          <int>0</int>
          <int>0</int>
        </elements>
      </ratingMovie>
      <ratingRating>
        <size>43</size>
        <elements>+/v7+/v7+wEB+/sBAQMF+wEBBQH7+/sBAfsB+wEBAwMD/fv7+wUFAQEBAQAAAAAAAAAAAAAAAAAA
AA==</elements>
      </ratingRating>
      <userName>Tony</userName>
    </eu.antonkrug.User>
    <eu.antonkrug.User>
      <firstName>Mark</firstName>
      <lastName>Green</lastName>
      <password>e5e9fa1ba31ecd1ae84f75caaa474f3a663f05f4</password>
      <ratingDirty>14</ratingDirty>
      <loggedIn>false</loggedIn>
      <ratingMovie>
        <size>14</size>
        <elements>
          <int>1</int>
          <int>2</int>
          <int>10</int>
          <int>12</int>
          <int>15</int>
          <int>19</int>
          <int>24</int>
          <int>28</int>
          <int>29</int>
          <int>31</int>
          <int>32</int>
          <int>34</int>
          <int>39</int>
          <int>55</int>
          <int>0</int>
          <int>0</int>
        </elements>
      </ratingMovie>
      <ratingRating>
        <size>14</size>
        <elements>BQMDBQMBAwMDBQEDAwUAAA==</elements>
      </ratingRating>
      <userName>Mark</userName>
    </eu.antonkrug.User>
    <eu.antonkrug.User>
      <firstName>Jim</firstName>
      <lastName>Bobel</lastName>
      <password>e5e9fa1ba31ecd1ae84f75caaa474f3a663f05f4</password>
      <ratingDirty>9</ratingDirty>
      <loggedIn>false</loggedIn>
      <ratingMovie>
        <size>9</size>
        <elements>
          <int>8</int>
          <int>17</int>
          <int>19</int>
          <int>31</int>
          <int>34</int>
          <int>36</int>
          <int>42</int>
          <int>43</int>
          <int>44</int>
          <int>0</int>
        </elements>
      </ratingMovie>
      <ratingRating>
        <size>9</size>
        <elements>AQMDAwEFAQMDAA==</elements>
      </ratingRating>
      <userName>NuNu</userName>
    </eu.antonkrug.User>
    <eu.antonkrug.User>
      <firstName>Hamza</firstName>
      <lastName>Ali</lastName>
      <password>e5e9fa1ba31ecd1ae84f75caaa474f3a663f05f4</password>
      <ratingDirty>19</ratingDirty>
      <loggedIn>false</loggedIn>
      <ratingMovie>
        <size>19</size>
        <elements>
          <int>8</int>
          <int>10</int>
          <int>11</int>
          <int>15</int>
          <int>17</int>
          <int>19</int>
          <int>21</int>
          <int>28</int>
          <int>31</int>
          <int>32</int>
          <int>34</int>
          <int>36</int>
          <int>39</int>
          <int>41</int>
          <int>42</int>
          <int>43</int>
          <int>44</int>
          <int>50</int>
          <int>51</int>
          <int>0</int>
          <int>0</int>
          <int>0</int>
          <int>0</int>
          <int>0</int>
          <int>0</int>
        </elements>
      </ratingMovie>
      <ratingRating>
        <size>19</size>
        <elements>+wUBAQX9A/v9BQUDAQMBAwUB+wAAAAAAAA==</elements>
      </ratingRating>
      <userName>Hamza</userName>
    </eu.antonkrug.User>
    <eu.antonkrug.User>
      <firstName>Diane</firstName>
      <lastName>Bean</lastName>
      <password>e5e9fa1ba31ecd1ae84f75caaa474f3a663f05f4</password>
      <ratingDirty>9</ratingDirty>
      <loggedIn>false</loggedIn>
      <ratingMovie>
        <size>9</size>
        <elements>
          <int>19</int>
          <int>28</int>
          <int>29</int>
          <int>31</int>
          <int>36</int>
          <int>43</int>
          <int>45</int>
          <int>50</int>
          <int>51</int>
          <int>0</int>
        </elements>
      </ratingMovie>
      <ratingRating>
        <size>9</size>
        <elements>/QEDAQMFA/0DAA==</elements>
      </ratingRating>
      <userName>dencellia</userName>
    </eu.antonkrug.User>
    <eu.antonkrug.User>
      <firstName>Nathen</firstName>
      <lastName>green</lastName>
      <password>e5e9fa1ba31ecd1ae84f75caaa474f3a663f05f4</password>
      <ratingDirty>19</ratingDirty>
      <loggedIn>false</loggedIn>
      <ratingMovie>
        <size>19</size>
        <elements>
          <int>8</int>
          <int>10</int>
          <int>11</int>
          <int>15</int>
          <int>17</int>
          <int>19</int>
          <int>21</int>
          <int>28</int>
          <int>31</int>
          <int>32</int>
          <int>34</int>
          <int>36</int>
          <int>39</int>
          <int>41</int>
          <int>42</int>
          <int>43</int>
          <int>44</int>
          <int>50</int>
          <int>51</int>
          <int>0</int>
          <int>0</int>
          <int>0</int>
          <int>0</int>
          <int>0</int>
          <int>0</int>
        </elements>
      </ratingMovie>
      <ratingRating>
        <size>19</size>
        <elements>+wUBAQX9A/v9BQUDAQMBAwUB+wAAAAAAAA==</elements>
      </ratingRating>
      <userName>Nathan</userName>
    </eu.antonkrug.User>
    <eu.antonkrug.User>
      <firstName>James</firstName>
      <lastName>Kepler</lastName>
      <password>e5e9fa1ba31ecd1ae84f75caaa474f3a663f05f4</password>
      <ratingDirty>22</ratingDirty>
      <loggedIn>false</loggedIn>
      <ratingMovie>
        <size>22</size>
        <elements>
          <int>1</int>
          <int>2</int>
          <int>7</int>
          <int>8</int>
          <int>11</int>
          <int>19</int>
          <int>20</int>
          <int>24</int>
          <int>28</int>
          <int>29</int>
          <int>31</int>
          <int>32</int>
          <int>34</int>
          <int>36</int>
          <int>40</int>
          <int>42</int>
          <int>43</int>
          <int>44</int>
          <int>50</int>
          <int>51</int>
          <int>53</int>
          <int>55</int>
          <int>0</int>
          <int>0</int>
          <int>0</int>
        </elements>
      </ratingMovie>
      <ratingRating>
        <size>22</size>
        <elements>AwED/QEBAfv7+/0FA/sFBQED+wX9BQAAAA==</elements>
      </ratingRating>
      <userName>James</userName>
    </eu.antonkrug.User>
    <eu.antonkrug.User>
      <firstName>Keeled</firstName>
      <lastName>Goner</lastName>
      <password>e5e9fa1ba31ecd1ae84f75caaa474f3a663f05f4</password>
      <ratingDirty>16</ratingDirty>
      <loggedIn>false</loggedIn>
      <ratingMovie>
        <size>16</size>
        <elements>
          <int>4</int>
          <int>8</int>
          <int>10</int>
          <int>11</int>
          <int>17</int>
          <int>18</int>
          <int>19</int>
          <int>31</int>
          <int>36</int>
          <int>39</int>
          <int>41</int>
          <int>42</int>
          <int>43</int>
          <int>44</int>
          <int>50</int>
          <int>51</int>
        </elements>
      </ratingMovie>
      <ratingRating>
        <size>16</size>
        <elements>BQUFBQX9/QEFBQUFBQUDAQ==</elements>
      </ratingRating>
      <userName>KeeLed</userName>
    </eu.antonkrug.User>
    <eu.antonkrug.User>
      <firstName>Megan</firstName>
      <lastName>Hope</lastName>
      <password>e5e9fa1ba31ecd1ae84f75caaa474f3a663f05f4</password>
      <ratingDirty>21</ratingDirty>
      <loggedIn>false</loggedIn>
      <ratingMovie>
        <size>21</size>
        <elements>
          <int>1</int>
          <int>2</int>
          <int>10</int>
          <int>12</int>
          <int>15</int>
          <int>17</int>
          <int>19</int>
          <int>20</int>
          <int>26</int>
          <int>28</int>
          <int>31</int>
          <int>32</int>
          <int>33</int>
          <int>36</int>
          <int>39</int>
          <int>42</int>
          <int>43</int>
          <int>44</int>
          <int>50</int>
          <int>51</int>
          <int>53</int>
          <int>0</int>
          <int>0</int>
          <int>0</int>
          <int>0</int>
        </elements>
      </ratingMovie>
      <ratingRating>
        <size>21</size>
        <elements>BQUDBQEFAQUBBQMFBQUDAwUFBQUFAAAAAA==</elements>
      </ratingRating>
      <userName>Megan</userName>
    </eu.antonkrug.User>
    <eu.antonkrug.User>
      <firstName>Anton</firstName>
      <lastName>Krug</lastName>
      <password>d033e22ae348aeb5660fc2140aec35850c4da997</password>
      <ratingDirty>0</ratingDirty>
      <loggedIn>false</loggedIn>
      <ratingMovie>
        <size>0</size>
        <elements>
          <int>0</int>
          <int>0</int>
          <int>0</int>
          <int>0</int>
          <int>0</int>
          <int>0</int>
          <int>0</int>
          <int>0</int>
          <int>0</int>
          <int>0</int>
        </elements>
      </ratingMovie>
      <ratingRating>
        <size>0</size>
        <elements>AAAAAAAAAAAAAA==</elements>
      </ratingRating>
      <userName>admin</userName>
    </eu.antonkrug.User>
  </users>
</eu.antonkrug.DBInputOutput>
